#
# There is insufficient memory for the Java Runtime Environment to continue.
# Native memory allocation (malloc) failed to allocate 941616 bytes for Chunk::new
# Possible reasons:
#   The system is out of physical RAM or swap space
#   The process is running with CompressedOops enabled, and the Java Heap may be blocking the growth of the native heap
# Possible solutions:
#   Reduce memory load on the system
#   Increase physical memory or swap space
#   Check if swap backing store is full
#   Decrease Java heap size (-Xmx/-Xms)
#   Decrease number of Java threads
#   Decrease Java thread stack sizes (-Xss)
#   Set larger code cache with -XX:ReservedCodeCacheSize=
#   JVM is running with Zero Based Compressed Oops mode in which the Java heap is
#     placed in the first 32GB address space. The Java Heap base address is the
#     maximum limit for the native heap growth. Please use -XX:HeapBaseMinAddress
#     to set the Java Heap base and to place the Java Heap above 32GB virtual address.
# This output file may be truncated or incomplete.
#
#  Out of Memory Error (arena.cpp:191), pid=4196, tid=3560
#
# JRE version: OpenJDK Runtime Environment (17.0.9+11) (build 17.0.9+11-LTS)
# Java VM: OpenJDK 64-Bit Server VM (17.0.9+11-LTS, mixed mode, sharing, tiered, compressed oops, compressed class ptrs, g1 gc, windows-amd64)
# No core dump will be written. Minidumps are not enabled by default on client versions of Windows
#

---------------  S U M M A R Y ------------

Command Line: -Dclassworlds.conf=C:\Program Files\NetBeans-20\netbeans\java\maven\bin\m2.conf -Dmaven.home=C:\Program Files\NetBeans-20\netbeans\java\maven -Dlibrary.jansi.path=C:\Program Files\NetBeans-20\netbeans\java\maven\lib\jansi-native -Dmaven.multiModuleProjectDirectory=C:\Users\Danie\Documents\NetBeansProjects\CRUDmongo org.codehaus.plexus.classworlds.launcher.Launcher -Dexec.vmArgs= -Dexec.args=${exec.vmArgs} -classpath %classpath ${exec.mainClass} ${exec.appArgs} -Dexec.appArgs= -Dexec.mainClass=com.mycompany.crudmongo.CRUDmongo -Dexec.executable=D:\minecraft\bin\java.exe -Dmaven.ext.class.path=C:\Program Files\NetBeans-20\netbeans\java\maven-nblib\netbeans-eventspy.jar -Dfile.encoding=UTF-8 --no-transfer-progress process-classes org.codehaus.mojo:exec-maven-plugin:3.1.0:exec

Host: AMD Ryzen 5 3600 6-Core Processor              , 12 cores, 15G,  Windows 10 , 64 bit Build 19041 (10.0.19041.3636)
Time: Wed Dec 27 23:59:52 2023 Hora verano Sudamérica Pacífico elapsed time: 1.116353 seconds (0d 0h 0m 1s)

---------------  T H R E A D  ---------------

Current thread (0x00000156900695a0):  JavaThread "C2 CompilerThread1" daemon [_thread_in_native, id=3560, stack(0x0000004224400000,0x0000004224500000)]


Current CompileTask:
C2:   1116 1808   !   4       java.net.URL::<init> (543 bytes)

Stack: [0x0000004224400000,0x0000004224500000]
Native frames: (J=compiled Java code, j=interpreted, Vv=VM code, C=native code)
V  [jvm.dll+0x67bd39]
V  [jvm.dll+0x832448]
V  [jvm.dll+0x833f0e]
V  [jvm.dll+0x834573]
V  [jvm.dll+0x24833f]
V  [jvm.dll+0xac24c]
V  [jvm.dll+0xac8ac]
V  [jvm.dll+0x2ae1bf]
V  [jvm.dll+0x5848b5]
V  [jvm.dll+0x222f02]
V  [jvm.dll+0x2232ef]
V  [jvm.dll+0x21c20f]
V  [jvm.dll+0x21974f]
V  [jvm.dll+0x1a59f0]
V  [jvm.dll+0x2296bd]
V  [jvm.dll+0x22787b]
V  [jvm.dll+0x7e7808]
V  [jvm.dll+0x7e1baa]
V  [jvm.dll+0x67ac25]
C  [ucrtbase.dll+0x21bb2]
C  [KERNEL32.DLL+0x17344]
C  [ntdll.dll+0x526b1]


---------------  P R O C E S S  ---------------

Threads class SMR info:
_java_thread_list=0x000001569061e050, length=14, elements={
0x00000156261dceb0, 0x000001564aa22910, 0x000001564aa236a0, 0x000001564aa3c9d0,
0x000001564aa3e2b0, 0x000001564aa3fb90, 0x000001564aa40460, 0x000001564aa41870,
0x000001564aa46980, 0x000001564aa598e0, 0x000001564aba6850, 0x000001564abab840,
0x00000156900695a0, 0x0000015690068b00
}

Java Threads: ( => current thread )
  0x00000156261dceb0 JavaThread "main" [_thread_in_Java, id=24132, stack(0x0000004223100000,0x0000004223200000)]
  0x000001564aa22910 JavaThread "Reference Handler" daemon [_thread_blocked, id=23720, stack(0x0000004223800000,0x0000004223900000)]
  0x000001564aa236a0 JavaThread "Finalizer" daemon [_thread_blocked, id=1320, stack(0x0000004223900000,0x0000004223a00000)]
  0x000001564aa3c9d0 JavaThread "Signal Dispatcher" daemon [_thread_blocked, id=2276, stack(0x0000004223a00000,0x0000004223b00000)]
  0x000001564aa3e2b0 JavaThread "Attach Listener" daemon [_thread_blocked, id=22660, stack(0x0000004223b00000,0x0000004223c00000)]
  0x000001564aa3fb90 JavaThread "Service Thread" daemon [_thread_blocked, id=23420, stack(0x0000004223c00000,0x0000004223d00000)]
  0x000001564aa40460 JavaThread "Monitor Deflation Thread" daemon [_thread_blocked, id=21336, stack(0x0000004223d00000,0x0000004223e00000)]
  0x000001564aa41870 JavaThread "C2 CompilerThread0" daemon [_thread_blocked, id=23912, stack(0x0000004223e00000,0x0000004223f00000)]
  0x000001564aa46980 JavaThread "C1 CompilerThread0" daemon [_thread_blocked, id=6504, stack(0x0000004223f00000,0x0000004224000000)]
  0x000001564aa598e0 JavaThread "Sweeper thread" daemon [_thread_blocked, id=23220, stack(0x0000004224000000,0x0000004224100000)]
  0x000001564aba6850 JavaThread "Notification Thread" daemon [_thread_blocked, id=25272, stack(0x0000004224100000,0x0000004224200000)]
  0x000001564abab840 JavaThread "Common-Cleaner" daemon [_thread_blocked, id=19876, stack(0x0000004224300000,0x0000004224400000)]
=>0x00000156900695a0 JavaThread "C2 CompilerThread1" daemon [_thread_in_native, id=3560, stack(0x0000004224400000,0x0000004224500000)]
  0x0000015690068b00 JavaThread "C2 CompilerThread2" daemon [_thread_blocked, id=21172, stack(0x0000004224500000,0x0000004224600000)]

Other Threads:
  0x000001564aa1ddf0 VMThread "VM Thread" [stack: 0x0000004223700000,0x0000004223800000] [id=18656]
  0x000001564ab9c740 WatcherThread [stack: 0x0000004224200000,0x0000004224300000] [id=10144]
  0x00000156262485e0 GCTaskThread "GC Thread#0" [stack: 0x0000004223200000,0x0000004223300000] [id=25508]
  0x000001564ac71600 GCTaskThread "GC Thread#1" [stack: 0x0000004224600000,0x0000004224700000] [id=23556]
  0x0000015690ce0ae0 GCTaskThread "GC Thread#2" [stack: 0x0000004224700000,0x0000004224800000] [id=13452]
  0x0000015690bb1370 GCTaskThread "GC Thread#3" [stack: 0x0000004224800000,0x0000004224900000] [id=22712]
  0x0000015690adcfc0 GCTaskThread "GC Thread#4" [stack: 0x0000004224900000,0x0000004224a00000] [id=20736]
  0x0000015690af00d0 GCTaskThread "GC Thread#5" [stack: 0x0000004224a00000,0x0000004224b00000] [id=24172]
  0x0000015690f18cf0 GCTaskThread "GC Thread#6" [stack: 0x0000004224b00000,0x0000004224c00000] [id=24060]
  0x00000156907fda70 GCTaskThread "GC Thread#7" [stack: 0x0000004224c00000,0x0000004224d00000] [id=23824]
  0x0000015690806d30 GCTaskThread "GC Thread#8" [stack: 0x0000004224d00000,0x0000004224e00000] [id=23104]
  0x00000156908a7520 GCTaskThread "GC Thread#9" [stack: 0x0000004224e00000,0x0000004224f00000] [id=9464]
  0x0000015626259380 ConcurrentGCThread "G1 Main Marker" [stack: 0x0000004223300000,0x0000004223400000] [id=13428]
  0x000001562625b460 ConcurrentGCThread "G1 Conc#0" [stack: 0x0000004223400000,0x0000004223500000] [id=2396]
  0x000001564a2763f0 ConcurrentGCThread "G1 Refine#0" [stack: 0x0000004223500000,0x0000004223600000] [id=16048]
  0x000001564a276d30 ConcurrentGCThread "G1 Service" [stack: 0x0000004223600000,0x0000004223700000] [id=23356]

Threads with active compile tasks:
C1 CompilerThread0     1132 1905       3       java.lang.reflect.Proxy$ProxyBuilder::addElementTypes (33 bytes)
C2 CompilerThread1     1132 1808   !   4       java.net.URL::<init> (543 bytes)

VM state: not at safepoint (normal execution)

VM Mutex/Monitor currently owned by a thread: None

Heap address: 0x0000000700c00000, size: 4084 MB, Compressed Oops mode: Zero based, Oop shift amount: 3

CDS archive(s) mapped at: [0x000001564b000000-0x000001564bba0000-0x000001564bba0000), size 12189696, SharedBaseAddress: 0x000001564b000000, ArchiveRelocationMode: 1.
Compressed class space mapped at: 0x000001564c000000-0x000001568c000000, reserved size: 1073741824
Narrow klass base: 0x000001564b000000, Narrow klass shift: 0, Narrow klass range: 0x100000000

GC Precious Log:
 CPUs: 12 total, 12 available
 Memory: 16334M
 Large Page Support: Disabled
 NUMA Support: Disabled
 Compressed Oops: Enabled (Zero based)
 Heap Region Size: 2M
 Heap Min Capacity: 8M
 Heap Initial Capacity: 256M
 Heap Max Capacity: 4084M
 Pre-touch: Disabled
 Parallel Workers: 10
 Concurrent Workers: 3
 Concurrent Refinement Workers: 10
 Periodic GC: Disabled

Heap:
 garbage-first heap   total 262144K, used 13663K [0x0000000700c00000, 0x0000000800000000)
  region size 2048K, 6 young (12288K), 1 survivors (2048K)
 Metaspace       used 10925K, committed 11072K, reserved 1114112K
  class space    used 1327K, committed 1408K, reserved 1048576K

Heap Regions: E=young(eden), S=young(survivor), O=old, HS=humongous(starts), HC=humongous(continues), CS=collection set, F=free, OA=open archive, CA=closed archive, TAMS=top-at-mark-start (previous, next)
|   0|0x0000000700c00000, 0x0000000700e00000, 0x0000000700e00000|100%| O|  |TAMS 0x0000000700c00000, 0x0000000700c00000| Untracked 
|   1|0x0000000700e00000, 0x0000000700f85800, 0x0000000701000000| 76%| O|  |TAMS 0x0000000700e00000, 0x0000000700e00000| Untracked 
|   2|0x0000000701000000, 0x0000000701000000, 0x0000000701200000|  0%| F|  |TAMS 0x0000000701000000, 0x0000000701000000| Untracked 
|   3|0x0000000701200000, 0x0000000701200000, 0x0000000701400000|  0%| F|  |TAMS 0x0000000701200000, 0x0000000701200000| Untracked 
|   4|0x0000000701400000, 0x0000000701400000, 0x0000000701600000|  0%| F|  |TAMS 0x0000000701400000, 0x0000000701400000| Untracked 
|   5|0x0000000701600000, 0x0000000701600000, 0x0000000701800000|  0%| F|  |TAMS 0x0000000701600000, 0x0000000701600000| Untracked 
|   6|0x0000000701800000, 0x0000000701800000, 0x0000000701a00000|  0%| F|  |TAMS 0x0000000701800000, 0x0000000701800000| Untracked 
|   7|0x0000000701a00000, 0x0000000701a00000, 0x0000000701c00000|  0%| F|  |TAMS 0x0000000701a00000, 0x0000000701a00000| Untracked 
|   8|0x0000000701c00000, 0x0000000701c00000, 0x0000000701e00000|  0%| F|  |TAMS 0x0000000701c00000, 0x0000000701c00000| Untracked 
|   9|0x0000000701e00000, 0x0000000701e00000, 0x0000000702000000|  0%| F|  |TAMS 0x0000000701e00000, 0x0000000701e00000| Untracked 
|  10|0x0000000702000000, 0x0000000702000000, 0x0000000702200000|  0%| F|  |TAMS 0x0000000702000000, 0x0000000702000000| Untracked 
|  11|0x0000000702200000, 0x0000000702200000, 0x0000000702400000|  0%| F|  |TAMS 0x0000000702200000, 0x0000000702200000| Untracked 
|  12|0x0000000702400000, 0x0000000702400000, 0x0000000702600000|  0%| F|  |TAMS 0x0000000702400000, 0x0000000702400000| Untracked 
|  13|0x0000000702600000, 0x0000000702600000, 0x0000000702800000|  0%| F|  |TAMS 0x0000000702600000, 0x0000000702600000| Untracked 
|  14|0x0000000702800000, 0x0000000702800000, 0x0000000702a00000|  0%| F|  |TAMS 0x0000000702800000, 0x0000000702800000| Untracked 
|  15|0x0000000702a00000, 0x0000000702a00000, 0x0000000702c00000|  0%| F|  |TAMS 0x0000000702a00000, 0x0000000702a00000| Untracked 
|  16|0x0000000702c00000, 0x0000000702c00000, 0x0000000702e00000|  0%| F|  |TAMS 0x0000000702c00000, 0x0000000702c00000| Untracked 
|  17|0x0000000702e00000, 0x0000000702e00000, 0x0000000703000000|  0%| F|  |TAMS 0x0000000702e00000, 0x0000000702e00000| Untracked 
|  18|0x0000000703000000, 0x0000000703000000, 0x0000000703200000|  0%| F|  |TAMS 0x0000000703000000, 0x0000000703000000| Untracked 
|  19|0x0000000703200000, 0x0000000703200000, 0x0000000703400000|  0%| F|  |TAMS 0x0000000703200000, 0x0000000703200000| Untracked 
|  20|0x0000000703400000, 0x0000000703400000, 0x0000000703600000|  0%| F|  |TAMS 0x0000000703400000, 0x0000000703400000| Untracked 
|  21|0x0000000703600000, 0x0000000703600000, 0x0000000703800000|  0%| F|  |TAMS 0x0000000703600000, 0x0000000703600000| Untracked 
|  22|0x0000000703800000, 0x0000000703800000, 0x0000000703a00000|  0%| F|  |TAMS 0x0000000703800000, 0x0000000703800000| Untracked 
|  23|0x0000000703a00000, 0x0000000703a00000, 0x0000000703c00000|  0%| F|  |TAMS 0x0000000703a00000, 0x0000000703a00000| Untracked 
|  24|0x0000000703c00000, 0x0000000703c00000, 0x0000000703e00000|  0%| F|  |TAMS 0x0000000703c00000, 0x0000000703c00000| Untracked 
|  25|0x0000000703e00000, 0x0000000703e00000, 0x0000000704000000|  0%| F|  |TAMS 0x0000000703e00000, 0x0000000703e00000| Untracked 
|  26|0x0000000704000000, 0x0000000704000000, 0x0000000704200000|  0%| F|  |TAMS 0x0000000704000000, 0x0000000704000000| Untracked 
|  27|0x0000000704200000, 0x0000000704200000, 0x0000000704400000|  0%| F|  |TAMS 0x0000000704200000, 0x0000000704200000| Untracked 
|  28|0x0000000704400000, 0x0000000704400000, 0x0000000704600000|  0%| F|  |TAMS 0x0000000704400000, 0x0000000704400000| Untracked 
|  29|0x0000000704600000, 0x0000000704600000, 0x0000000704800000|  0%| F|  |TAMS 0x0000000704600000, 0x0000000704600000| Untracked 
|  30|0x0000000704800000, 0x0000000704800000, 0x0000000704a00000|  0%| F|  |TAMS 0x0000000704800000, 0x0000000704800000| Untracked 
|  31|0x0000000704a00000, 0x0000000704a00000, 0x0000000704c00000|  0%| F|  |TAMS 0x0000000704a00000, 0x0000000704a00000| Untracked 
|  32|0x0000000704c00000, 0x0000000704c00000, 0x0000000704e00000|  0%| F|  |TAMS 0x0000000704c00000, 0x0000000704c00000| Untracked 
|  33|0x0000000704e00000, 0x0000000704e00000, 0x0000000705000000|  0%| F|  |TAMS 0x0000000704e00000, 0x0000000704e00000| Untracked 
|  34|0x0000000705000000, 0x0000000705000000, 0x0000000705200000|  0%| F|  |TAMS 0x0000000705000000, 0x0000000705000000| Untracked 
|  35|0x0000000705200000, 0x0000000705200000, 0x0000000705400000|  0%| F|  |TAMS 0x0000000705200000, 0x0000000705200000| Untracked 
|  36|0x0000000705400000, 0x0000000705400000, 0x0000000705600000|  0%| F|  |TAMS 0x0000000705400000, 0x0000000705400000| Untracked 
|  37|0x0000000705600000, 0x0000000705600000, 0x0000000705800000|  0%| F|  |TAMS 0x0000000705600000, 0x0000000705600000| Untracked 
|  38|0x0000000705800000, 0x0000000705800000, 0x0000000705a00000|  0%| F|  |TAMS 0x0000000705800000, 0x0000000705800000| Untracked 
|  39|0x0000000705a00000, 0x0000000705a00000, 0x0000000705c00000|  0%| F|  |TAMS 0x0000000705a00000, 0x0000000705a00000| Untracked 
|  40|0x0000000705c00000, 0x0000000705c00000, 0x0000000705e00000|  0%| F|  |TAMS 0x0000000705c00000, 0x0000000705c00000| Untracked 
|  41|0x0000000705e00000, 0x0000000705e00000, 0x0000000706000000|  0%| F|  |TAMS 0x0000000705e00000, 0x0000000705e00000| Untracked 
|  42|0x0000000706000000, 0x0000000706000000, 0x0000000706200000|  0%| F|  |TAMS 0x0000000706000000, 0x0000000706000000| Untracked 
|  43|0x0000000706200000, 0x0000000706200000, 0x0000000706400000|  0%| F|  |TAMS 0x0000000706200000, 0x0000000706200000| Untracked 
|  44|0x0000000706400000, 0x0000000706400000, 0x0000000706600000|  0%| F|  |TAMS 0x0000000706400000, 0x0000000706400000| Untracked 
|  45|0x0000000706600000, 0x0000000706600000, 0x0000000706800000|  0%| F|  |TAMS 0x0000000706600000, 0x0000000706600000| Untracked 
|  46|0x0000000706800000, 0x0000000706800000, 0x0000000706a00000|  0%| F|  |TAMS 0x0000000706800000, 0x0000000706800000| Untracked 
|  47|0x0000000706a00000, 0x0000000706a00000, 0x0000000706c00000|  0%| F|  |TAMS 0x0000000706a00000, 0x0000000706a00000| Untracked 
|  48|0x0000000706c00000, 0x0000000706c00000, 0x0000000706e00000|  0%| F|  |TAMS 0x0000000706c00000, 0x0000000706c00000| Untracked 
|  49|0x0000000706e00000, 0x0000000706e00000, 0x0000000707000000|  0%| F|  |TAMS 0x0000000706e00000, 0x0000000706e00000| Untracked 
|  50|0x0000000707000000, 0x0000000707000000, 0x0000000707200000|  0%| F|  |TAMS 0x0000000707000000, 0x0000000707000000| Untracked 
|  51|0x0000000707200000, 0x0000000707200000, 0x0000000707400000|  0%| F|  |TAMS 0x0000000707200000, 0x0000000707200000| Untracked 
|  52|0x0000000707400000, 0x0000000707400000, 0x0000000707600000|  0%| F|  |TAMS 0x0000000707400000, 0x0000000707400000| Untracked 
|  53|0x0000000707600000, 0x0000000707600000, 0x0000000707800000|  0%| F|  |TAMS 0x0000000707600000, 0x0000000707600000| Untracked 
|  54|0x0000000707800000, 0x0000000707800000, 0x0000000707a00000|  0%| F|  |TAMS 0x0000000707800000, 0x0000000707800000| Untracked 
|  55|0x0000000707a00000, 0x0000000707a00000, 0x0000000707c00000|  0%| F|  |TAMS 0x0000000707a00000, 0x0000000707a00000| Untracked 
|  56|0x0000000707c00000, 0x0000000707c00000, 0x0000000707e00000|  0%| F|  |TAMS 0x0000000707c00000, 0x0000000707c00000| Untracked 
|  57|0x0000000707e00000, 0x0000000707e00000, 0x0000000708000000|  0%| F|  |TAMS 0x0000000707e00000, 0x0000000707e00000| Untracked 
|  58|0x0000000708000000, 0x0000000708000000, 0x0000000708200000|  0%| F|  |TAMS 0x0000000708000000, 0x0000000708000000| Untracked 
|  59|0x0000000708200000, 0x0000000708200000, 0x0000000708400000|  0%| F|  |TAMS 0x0000000708200000, 0x0000000708200000| Untracked 
|  60|0x0000000708400000, 0x0000000708400000, 0x0000000708600000|  0%| F|  |TAMS 0x0000000708400000, 0x0000000708400000| Untracked 
|  61|0x0000000708600000, 0x0000000708600000, 0x0000000708800000|  0%| F|  |TAMS 0x0000000708600000, 0x0000000708600000| Untracked 
|  62|0x0000000708800000, 0x0000000708800000, 0x0000000708a00000|  0%| F|  |TAMS 0x0000000708800000, 0x0000000708800000| Untracked 
|  63|0x0000000708a00000, 0x0000000708a00000, 0x0000000708c00000|  0%| F|  |TAMS 0x0000000708a00000, 0x0000000708a00000| Untracked 
|  64|0x0000000708c00000, 0x0000000708c00000, 0x0000000708e00000|  0%| F|  |TAMS 0x0000000708c00000, 0x0000000708c00000| Untracked 
|  65|0x0000000708e00000, 0x0000000708e00000, 0x0000000709000000|  0%| F|  |TAMS 0x0000000708e00000, 0x0000000708e00000| Untracked 
|  66|0x0000000709000000, 0x0000000709000000, 0x0000000709200000|  0%| F|  |TAMS 0x0000000709000000, 0x0000000709000000| Untracked 
|  67|0x0000000709200000, 0x0000000709200000, 0x0000000709400000|  0%| F|  |TAMS 0x0000000709200000, 0x0000000709200000| Untracked 
|  68|0x0000000709400000, 0x0000000709400000, 0x0000000709600000|  0%| F|  |TAMS 0x0000000709400000, 0x0000000709400000| Untracked 
|  69|0x0000000709600000, 0x0000000709600000, 0x0000000709800000|  0%| F|  |TAMS 0x0000000709600000, 0x0000000709600000| Untracked 
|  70|0x0000000709800000, 0x0000000709800000, 0x0000000709a00000|  0%| F|  |TAMS 0x0000000709800000, 0x0000000709800000| Untracked 
|  71|0x0000000709a00000, 0x0000000709a00000, 0x0000000709c00000|  0%| F|  |TAMS 0x0000000709a00000, 0x0000000709a00000| Untracked 
|  72|0x0000000709c00000, 0x0000000709c00000, 0x0000000709e00000|  0%| F|  |TAMS 0x0000000709c00000, 0x0000000709c00000| Untracked 
|  73|0x0000000709e00000, 0x0000000709e00000, 0x000000070a000000|  0%| F|  |TAMS 0x0000000709e00000, 0x0000000709e00000| Untracked 
|  74|0x000000070a000000, 0x000000070a000000, 0x000000070a200000|  0%| F|  |TAMS 0x000000070a000000, 0x000000070a000000| Untracked 
|  75|0x000000070a200000, 0x000000070a200000, 0x000000070a400000|  0%| F|  |TAMS 0x000000070a200000, 0x000000070a200000| Untracked 
|  76|0x000000070a400000, 0x000000070a400000, 0x000000070a600000|  0%| F|  |TAMS 0x000000070a400000, 0x000000070a400000| Untracked 
|  77|0x000000070a600000, 0x000000070a600000, 0x000000070a800000|  0%| F|  |TAMS 0x000000070a600000, 0x000000070a600000| Untracked 
|  78|0x000000070a800000, 0x000000070a800000, 0x000000070aa00000|  0%| F|  |TAMS 0x000000070a800000, 0x000000070a800000| Untracked 
|  79|0x000000070aa00000, 0x000000070aa00000, 0x000000070ac00000|  0%| F|  |TAMS 0x000000070aa00000, 0x000000070aa00000| Untracked 
|  80|0x000000070ac00000, 0x000000070ac00000, 0x000000070ae00000|  0%| F|  |TAMS 0x000000070ac00000, 0x000000070ac00000| Untracked 
|  81|0x000000070ae00000, 0x000000070ae00000, 0x000000070b000000|  0%| F|  |TAMS 0x000000070ae00000, 0x000000070ae00000| Untracked 
|  82|0x000000070b000000, 0x000000070b000000, 0x000000070b200000|  0%| F|  |TAMS 0x000000070b000000, 0x000000070b000000| Untracked 
|  83|0x000000070b200000, 0x000000070b200000, 0x000000070b400000|  0%| F|  |TAMS 0x000000070b200000, 0x000000070b200000| Untracked 
|  84|0x000000070b400000, 0x000000070b400000, 0x000000070b600000|  0%| F|  |TAMS 0x000000070b400000, 0x000000070b400000| Untracked 
|  85|0x000000070b600000, 0x000000070b600000, 0x000000070b800000|  0%| F|  |TAMS 0x000000070b600000, 0x000000070b600000| Untracked 
|  86|0x000000070b800000, 0x000000070b800000, 0x000000070ba00000|  0%| F|  |TAMS 0x000000070b800000, 0x000000070b800000| Untracked 
|  87|0x000000070ba00000, 0x000000070ba00000, 0x000000070bc00000|  0%| F|  |TAMS 0x000000070ba00000, 0x000000070ba00000| Untracked 
|  88|0x000000070bc00000, 0x000000070bc00000, 0x000000070be00000|  0%| F|  |TAMS 0x000000070bc00000, 0x000000070bc00000| Untracked 
|  89|0x000000070be00000, 0x000000070be00000, 0x000000070c000000|  0%| F|  |TAMS 0x000000070be00000, 0x000000070be00000| Untracked 
|  90|0x000000070c000000, 0x000000070c000000, 0x000000070c200000|  0%| F|  |TAMS 0x000000070c000000, 0x000000070c000000| Untracked 
|  91|0x000000070c200000, 0x000000070c200000, 0x000000070c400000|  0%| F|  |TAMS 0x000000070c200000, 0x000000070c200000| Untracked 
|  92|0x000000070c400000, 0x000000070c400000, 0x000000070c600000|  0%| F|  |TAMS 0x000000070c400000, 0x000000070c400000| Untracked 
|  93|0x000000070c600000, 0x000000070c600000, 0x000000070c800000|  0%| F|  |TAMS 0x000000070c600000, 0x000000070c600000| Untracked 
|  94|0x000000070c800000, 0x000000070c800000, 0x000000070ca00000|  0%| F|  |TAMS 0x000000070c800000, 0x000000070c800000| Untracked 
|  95|0x000000070ca00000, 0x000000070ca00000, 0x000000070cc00000|  0%| F|  |TAMS 0x000000070ca00000, 0x000000070ca00000| Untracked 
|  96|0x000000070cc00000, 0x000000070cc00000, 0x000000070ce00000|  0%| F|  |TAMS 0x000000070cc00000, 0x000000070cc00000| Untracked 
|  97|0x000000070ce00000, 0x000000070ce00000, 0x000000070d000000|  0%| F|  |TAMS 0x000000070ce00000, 0x000000070ce00000| Untracked 
|  98|0x000000070d000000, 0x000000070d000000, 0x000000070d200000|  0%| F|  |TAMS 0x000000070d000000, 0x000000070d000000| Untracked 
|  99|0x000000070d200000, 0x000000070d200000, 0x000000070d400000|  0%| F|  |TAMS 0x000000070d200000, 0x000000070d200000| Untracked 
| 100|0x000000070d400000, 0x000000070d400000, 0x000000070d600000|  0%| F|  |TAMS 0x000000070d400000, 0x000000070d400000| Untracked 
| 101|0x000000070d600000, 0x000000070d600000, 0x000000070d800000|  0%| F|  |TAMS 0x000000070d600000, 0x000000070d600000| Untracked 
| 102|0x000000070d800000, 0x000000070d800000, 0x000000070da00000|  0%| F|  |TAMS 0x000000070d800000, 0x000000070d800000| Untracked 
| 103|0x000000070da00000, 0x000000070da00000, 0x000000070dc00000|  0%| F|  |TAMS 0x000000070da00000, 0x000000070da00000| Untracked 
| 104|0x000000070dc00000, 0x000000070dc00000, 0x000000070de00000|  0%| F|  |TAMS 0x000000070dc00000, 0x000000070dc00000| Untracked 
| 105|0x000000070de00000, 0x000000070de00000, 0x000000070e000000|  0%| F|  |TAMS 0x000000070de00000, 0x000000070de00000| Untracked 
| 106|0x000000070e000000, 0x000000070e000000, 0x000000070e200000|  0%| F|  |TAMS 0x000000070e000000, 0x000000070e000000| Untracked 
| 107|0x000000070e200000, 0x000000070e200000, 0x000000070e400000|  0%| F|  |TAMS 0x000000070e200000, 0x000000070e200000| Untracked 
| 108|0x000000070e400000, 0x000000070e400000, 0x000000070e600000|  0%| F|  |TAMS 0x000000070e400000, 0x000000070e400000| Untracked 
| 109|0x000000070e600000, 0x000000070e600000, 0x000000070e800000|  0%| F|  |TAMS 0x000000070e600000, 0x000000070e600000| Untracked 
| 110|0x000000070e800000, 0x000000070e800000, 0x000000070ea00000|  0%| F|  |TAMS 0x000000070e800000, 0x000000070e800000| Untracked 
| 111|0x000000070ea00000, 0x000000070ebd2440, 0x000000070ec00000| 91%| S|CS|TAMS 0x000000070ea00000, 0x000000070ea00000| Complete 
| 112|0x000000070ec00000, 0x000000070ec00000, 0x000000070ee00000|  0%| F|  |TAMS 0x000000070ec00000, 0x000000070ec00000| Untracked 
| 113|0x000000070ee00000, 0x000000070ee00000, 0x000000070f000000|  0%| F|  |TAMS 0x000000070ee00000, 0x000000070ee00000| Untracked 
| 114|0x000000070f000000, 0x000000070f000000, 0x000000070f200000|  0%| F|  |TAMS 0x000000070f000000, 0x000000070f000000| Untracked 
| 115|0x000000070f200000, 0x000000070f200000, 0x000000070f400000|  0%| F|  |TAMS 0x000000070f200000, 0x000000070f200000| Untracked 
| 116|0x000000070f400000, 0x000000070f400000, 0x000000070f600000|  0%| F|  |TAMS 0x000000070f400000, 0x000000070f400000| Untracked 
| 117|0x000000070f600000, 0x000000070f600000, 0x000000070f800000|  0%| F|  |TAMS 0x000000070f600000, 0x000000070f600000| Untracked 
| 118|0x000000070f800000, 0x000000070f800000, 0x000000070fa00000|  0%| F|  |TAMS 0x000000070f800000, 0x000000070f800000| Untracked 
| 119|0x000000070fa00000, 0x000000070fa00000, 0x000000070fc00000|  0%| F|  |TAMS 0x000000070fa00000, 0x000000070fa00000| Untracked 
| 120|0x000000070fc00000, 0x000000070fc00000, 0x000000070fe00000|  0%| F|  |TAMS 0x000000070fc00000, 0x000000070fc00000| Untracked 
| 121|0x000000070fe00000, 0x000000070fe00000, 0x0000000710000000|  0%| F|  |TAMS 0x000000070fe00000, 0x000000070fe00000| Untracked 
| 122|0x0000000710000000, 0x0000000710000000, 0x0000000710200000|  0%| F|  |TAMS 0x0000000710000000, 0x0000000710000000| Untracked 
| 123|0x0000000710200000, 0x0000000710300800, 0x0000000710400000| 50%| E|  |TAMS 0x0000000710200000, 0x0000000710200000| Complete 
| 124|0x0000000710400000, 0x0000000710600000, 0x0000000710600000|100%| E|CS|TAMS 0x0000000710400000, 0x0000000710400000| Complete 
| 125|0x0000000710600000, 0x0000000710800000, 0x0000000710800000|100%| E|CS|TAMS 0x0000000710600000, 0x0000000710600000| Complete 
| 126|0x0000000710800000, 0x0000000710a00000, 0x0000000710a00000|100%| E|CS|TAMS 0x0000000710800000, 0x0000000710800000| Complete 
| 127|0x0000000710a00000, 0x0000000710c00000, 0x0000000710c00000|100%| E|CS|TAMS 0x0000000710a00000, 0x0000000710a00000| Complete 

Card table byte_map: [0x000001563edd0000,0x000001563f5d0000] _byte_map_base: 0x000001563b5ca000

Marking Bits (Prev, Next): (CMBitMap*) 0x0000015626248b10, (CMBitMap*) 0x0000015626248b50
 Prev Bits: [0x000001563fdd0000, 0x0000015643da0000)
 Next Bits: [0x0000015643da0000, 0x0000015647d70000)

Polling page: 0x00000156241c0000

Metaspace:

Usage:
  Non-class:      9.40 MB used.
      Class:      1.30 MB used.
       Both:     10.70 MB used.

Virtual space:
  Non-class space:       64.00 MB reserved,       9.50 MB ( 15%) committed,  1 nodes.
      Class space:        1.00 GB reserved,       1.38 MB ( <1%) committed,  1 nodes.
             Both:        1.06 GB reserved,      10.88 MB ( <1%) committed. 

Chunk freelists:
   Non-Class:  5.09 MB
       Class:  14.64 MB
        Both:  19.73 MB

MaxMetaspaceSize: unlimited
CompressedClassSpaceSize: 1.00 GB
Initial GC threshold: 21.00 MB
Current GC threshold: 21.00 MB
CDS: on
MetaspaceReclaimPolicy: balanced
 - commit_granule_bytes: 65536.
 - commit_granule_words: 8192.
 - virtual_space_node_default_size: 8388608.
 - enlarge_chunks_in_place: 1.
 - new_chunks_are_fully_committed: 0.
 - uncommit_free_chunks: 1.
 - use_allocation_guard: 0.
 - handle_deallocations: 1.


Internal statistics:

num_allocs_failed_limit: 0.
num_arena_births: 64.
num_arena_deaths: 0.
num_vsnodes_births: 2.
num_vsnodes_deaths: 0.
num_space_committed: 174.
num_space_uncommitted: 0.
num_chunks_returned_to_freelist: 0.
num_chunks_taken_from_freelist: 456.
num_chunk_merges: 0.
num_chunk_splits: 301.
num_chunks_enlarged: 239.
num_inconsistent_stats: 0.

CodeHeap 'non-profiled nmethods': size=120000Kb used=740Kb max_used=740Kb free=119259Kb
 bounds [0x0000015636b50000, 0x0000015636dc0000, 0x000001563e080000]
CodeHeap 'profiled nmethods': size=120000Kb used=3703Kb max_used=3703Kb free=116296Kb
 bounds [0x000001562f080000, 0x000001562f420000, 0x00000156365b0000]
CodeHeap 'non-nmethods': size=5760Kb used=1160Kb max_used=1191Kb free=4599Kb
 bounds [0x00000156365b0000, 0x0000015636820000, 0x0000015636b50000]
 total_blobs=2352 nmethods=1907 adapters=357
 compilation: enabled
              stopped_count=0, restarted_count=0
 full_count=0

Compilation events (20 events):
Event: 1.108 Thread 0x000001564aa46980 1860       1       java.lang.StackTraceElement::getClassName (5 bytes)
Event: 1.108 Thread 0x000001564aa46980 nmethod 1860 0x0000015636c04490 code [0x0000015636c04620, 0x0000015636c046f8]
Event: 1.109 Thread 0x000001564aa46980 1861   !   3       com.google.inject.internal.BindingBuilder::toProvider (69 bytes)
Event: 1.109 Thread 0x000001564aa46980 nmethod 1861 0x000001562f40c310 code [0x000001562f40c5c0, 0x000001562f40d938]
Event: 1.112 Thread 0x000001564aa41870 1862       4       jdk.internal.org.objectweb.asm.Symbol::<init> (38 bytes)
Event: 1.112 Thread 0x0000015690068b00 1863       4       jdk.internal.org.objectweb.asm.SymbolTable::put (150 bytes)
Event: 1.112 Thread 0x000001564aa46980 1867       3       java.lang.PublicMethods$MethodList::<init> (10 bytes)
Event: 1.113 Thread 0x000001564aa46980 nmethod 1867 0x000001562f40df10 code [0x000001562f40e0a0, 0x000001562f40e258]
Event: 1.113 Thread 0x000001564aa46980 1869       3       jdk.internal.org.objectweb.asm.Frame::getConcreteOutputType (111 bytes)
Event: 1.113 Thread 0x000001564aa46980 nmethod 1869 0x000001562f40e310 code [0x000001562f40e4c0, 0x000001562f40e8b8]
Event: 1.113 Thread 0x000001564aa46980 1870       3       jdk.internal.org.objectweb.asm.MethodWriter::putAbstractTypes (31 bytes)
Event: 1.113 Thread 0x000001564aa46980 nmethod 1870 0x000001562f40ea10 code [0x000001562f40ebc0, 0x000001562f40ee08]
Event: 1.113 Thread 0x000001564aa46980 1872       3       jdk.internal.org.objectweb.asm.MethodWriter::computeAllFrames (510 bytes)
Event: 1.114 Thread 0x000001564aa41870 nmethod 1862 0x0000015636c05010 code [0x0000015636c05180, 0x0000015636c054b8]
Event: 1.114 Thread 0x000001564aa41870 1873       4       java.util.Optional::empty (6 bytes)
Event: 1.114 Thread 0x000001564aa41870 nmethod 1873 0x0000015636c05510 code [0x0000015636c05680, 0x0000015636c056d8]
Event: 1.114 Thread 0x000001564aa41870 1864       4       java.lang.reflect.Modifier::isStatic (13 bytes)
Event: 1.115 Thread 0x000001564aa41870 nmethod 1864 0x0000015636c05810 code [0x0000015636c05980, 0x0000015636c059d8]
Event: 1.115 Thread 0x0000015690068b00 nmethod 1863 0x0000015636c05b10 code [0x0000015636c05ca0, 0x0000015636c05fd8]
Event: 1.115 Thread 0x0000015690068b00 1868       4       java.lang.StringConcatHelper::newArray (40 bytes)

GC Heap History (4 events):
Event: 0.502 GC heap before
{Heap before GC invocations=0 (full 0):
 garbage-first heap   total 262144K, used 22528K [0x0000000700c00000, 0x0000000800000000)
  region size 2048K, 11 young (22528K), 0 survivors (0K)
 Metaspace       used 5508K, committed 5760K, reserved 1114112K
  class space    used 649K, committed 768K, reserved 1048576K
}
Event: 0.506 GC heap after
{Heap after GC invocations=1 (full 0):
 garbage-first heap   total 262144K, used 3906K [0x0000000700c00000, 0x0000000800000000)
  region size 2048K, 2 young (4096K), 2 survivors (4096K)
 Metaspace       used 5508K, committed 5760K, reserved 1114112K
  class space    used 649K, committed 768K, reserved 1048576K
}
Event: 0.945 GC heap before
{Heap before GC invocations=1 (full 0):
 garbage-first heap   total 262144K, used 32578K [0x0000000700c00000, 0x0000000800000000)
  region size 2048K, 16 young (32768K), 2 survivors (4096K)
 Metaspace       used 9318K, committed 9472K, reserved 1114112K
  class space    used 1117K, committed 1216K, reserved 1048576K
}
Event: 0.950 GC heap after
{Heap after GC invocations=2 (full 0):
 garbage-first heap   total 262144K, used 5471K [0x0000000700c00000, 0x0000000800000000)
  region size 2048K, 1 young (2048K), 1 survivors (2048K)
 Metaspace       used 9318K, committed 9472K, reserved 1114112K
  class space    used 1117K, committed 1216K, reserved 1048576K
}

Dll operation events (8 events):
Event: 0.006 Loaded shared library D:\minecraft\bin\java.dll
Event: 0.021 Loaded shared library D:\minecraft\bin\jsvml.dll
Event: 0.052 Loaded shared library D:\minecraft\bin\net.dll
Event: 0.054 Loaded shared library D:\minecraft\bin\nio.dll
Event: 0.057 Loaded shared library D:\minecraft\bin\zip.dll
Event: 0.148 Loaded shared library D:\minecraft\bin\jimage.dll
Event: 0.155 Loaded shared library C:\Program Files\NetBeans-20\netbeans\java\maven\lib\jansi-native\Windows\x86_64\jansi.dll
Event: 0.165 Loaded shared library D:\minecraft\bin\verify.dll

Deoptimization events (20 events):
Event: 1.022 Thread 0x00000156261dceb0 Uncommon trap: trap_request=0xffffffd6 fr.pc=0x0000015636bfecfc relative=0x000000000000015c
Event: 1.022 Thread 0x00000156261dceb0 Uncommon trap: reason=array_check action=maybe_recompile pc=0x0000015636bfecfc method=java.util.stream.Nodes$FixedNodeBuilder.accept(Ljava/lang/Object;)V @ 28 c2
Event: 1.022 Thread 0x00000156261dceb0 DEOPT PACKING pc=0x0000015636bfecfc sp=0x00000042231fd950
Event: 1.022 Thread 0x00000156261dceb0 DEOPT UNPACKING pc=0x00000156366069a3 sp=0x00000042231fd900 mode 2
Event: 1.022 Thread 0x00000156261dceb0 Uncommon trap: trap_request=0xffffffd6 fr.pc=0x0000015636bfecfc relative=0x000000000000015c
Event: 1.022 Thread 0x00000156261dceb0 Uncommon trap: reason=array_check action=maybe_recompile pc=0x0000015636bfecfc method=java.util.stream.Nodes$FixedNodeBuilder.accept(Ljava/lang/Object;)V @ 28 c2
Event: 1.022 Thread 0x00000156261dceb0 DEOPT PACKING pc=0x0000015636bfecfc sp=0x00000042231fd950
Event: 1.022 Thread 0x00000156261dceb0 DEOPT UNPACKING pc=0x00000156366069a3 sp=0x00000042231fd900 mode 2
Event: 1.022 Thread 0x00000156261dceb0 Uncommon trap: trap_request=0xffffffd6 fr.pc=0x0000015636bfecfc relative=0x000000000000015c
Event: 1.022 Thread 0x00000156261dceb0 Uncommon trap: reason=array_check action=maybe_recompile pc=0x0000015636bfecfc method=java.util.stream.Nodes$FixedNodeBuilder.accept(Ljava/lang/Object;)V @ 28 c2
Event: 1.022 Thread 0x00000156261dceb0 DEOPT PACKING pc=0x0000015636bfecfc sp=0x00000042231fd930
Event: 1.022 Thread 0x00000156261dceb0 DEOPT UNPACKING pc=0x00000156366069a3 sp=0x00000042231fd8e0 mode 2
Event: 1.078 Thread 0x00000156261dceb0 Uncommon trap: trap_request=0xffffff45 fr.pc=0x0000015636b8db94 relative=0x0000000000000274
Event: 1.078 Thread 0x00000156261dceb0 Uncommon trap: reason=unstable_if action=reinterpret pc=0x0000015636b8db94 method=java.util.concurrent.ConcurrentHashMap.get(Ljava/lang/Object;)Ljava/lang/Object; @ 76 c2
Event: 1.078 Thread 0x00000156261dceb0 DEOPT PACKING pc=0x0000015636b8db94 sp=0x00000042231faec0
Event: 1.078 Thread 0x00000156261dceb0 DEOPT UNPACKING pc=0x00000156366069a3 sp=0x00000042231fae38 mode 2
Event: 1.106 Thread 0x00000156261dceb0 Uncommon trap: trap_request=0xffffff45 fr.pc=0x0000015636bbc220 relative=0x0000000000000180
Event: 1.106 Thread 0x00000156261dceb0 Uncommon trap: reason=unstable_if action=reinterpret pc=0x0000015636bbc220 method=java.lang.ClassLoader.checkName(Ljava/lang/String;)Z @ 1 c2
Event: 1.106 Thread 0x00000156261dceb0 DEOPT PACKING pc=0x0000015636bbc220 sp=0x00000042231fd560
Event: 1.106 Thread 0x00000156261dceb0 DEOPT UNPACKING pc=0x00000156366069a3 sp=0x00000042231fd4f8 mode 2

Classes unloaded (0 events):
No events

Classes redefined (0 events):
No events

Internal exceptions (20 events):
Event: 0.164 Thread 0x00000156261dceb0 Exception <a 'sun/nio/fs/WindowsException'{0x00000007106de5b8}> (0x00000007106de5b8) 
thrown [s\src\hotspot\share\prims\jni.cpp, line 516]
Event: 0.164 Thread 0x00000156261dceb0 Exception <a 'sun/nio/fs/WindowsException'{0x00000007106deb40}> (0x00000007106deb40) 
thrown [s\src\hotspot\share\prims\jni.cpp, line 516]
Event: 0.164 Thread 0x00000156261dceb0 Exception <a 'sun/nio/fs/WindowsException'{0x00000007106df0a0}> (0x00000007106df0a0) 
thrown [s\src\hotspot\share\prims\jni.cpp, line 516]
Event: 0.164 Thread 0x00000156261dceb0 Exception <a 'sun/nio/fs/WindowsException'{0x00000007106df5b0}> (0x00000007106df5b0) 
thrown [s\src\hotspot\share\prims\jni.cpp, line 516]
Event: 0.164 Thread 0x00000156261dceb0 Exception <a 'sun/nio/fs/WindowsException'{0x00000007106dfa78}> (0x00000007106dfa78) 
thrown [s\src\hotspot\share\prims\jni.cpp, line 516]
Event: 0.181 Thread 0x00000156261dceb0 Exception <a 'java/lang/NoSuchMethodError'{0x000000071075da28}: 'void java.lang.invoke.DirectMethodHandle$Holder.invokeStatic(java.lang.Object, java.lang.Object, java.lang.Object)'> (0x000000071075da28) 
thrown [s\src\hotspot\share\interpreter\linkResolver.cpp, line 759]
Event: 0.189 Thread 0x00000156261dceb0 Exception <a 'java/lang/NoSuchMethodError'{0x00000007107b9bd0}: 'int java.lang.invoke.DirectMethodHandle$Holder.invokeStatic(java.lang.Object, java.lang.Object, int)'> (0x00000007107b9bd0) 
thrown [s\src\hotspot\share\interpreter\linkResolver.cpp, line 759]
Event: 0.231 Thread 0x00000156261dceb0 Exception <a 'java/lang/NoSuchMethodError'{0x0000000710532450}: 'java.lang.Object java.lang.invoke.DirectMethodHandle$Holder.invokeSpecialIFC(java.lang.Object, java.lang.Object, java.lang.Object, java.lang.Object)'> (0x0000000710532450) 
thrown [s\src\hotspot\share\interpreter\linkResolver.cpp, line 759]
Event: 0.356 Thread 0x00000156261dceb0 Exception <a 'java/lang/NoSuchMethodError'{0x000000070feb9b38}: 'java.lang.Object java.lang.invoke.DirectMethodHandle$Holder.invokeStaticInit(java.lang.Object)'> (0x000000070feb9b38) 
thrown [s\src\hotspot\share\interpreter\linkResolver.cpp, line 759]
Event: 0.358 Thread 0x00000156261dceb0 Exception <a 'java/lang/NoSuchMethodError'{0x000000070fed4b30}: 'void java.lang.invoke.DirectMethodHandle$Holder.invokeSpecial(java.lang.Object, java.lang.Object, java.lang.Object)'> (0x000000070fed4b30) 
thrown [s\src\hotspot\share\interpreter\linkResolver.cpp, line 759]
Event: 0.384 Thread 0x00000156261dceb0 Exception <a 'java/lang/NoSuchMethodError'{0x000000070fc32590}: 'java.lang.Object java.lang.invoke.DirectMethodHandle$Holder.invokeInterface(java.lang.Object, java.lang.Object)'> (0x000000070fc32590) 
thrown [s\src\hotspot\share\interpreter\linkResolver.cpp, line 759]
Event: 0.398 Thread 0x00000156261dceb0 Exception <a 'java/lang/NoSuchMethodError'{0x000000070fcd8ec8}: 'java.lang.Object java.lang.invoke.Invokers$Holder.invokeExact_MT(java.lang.Object, java.lang.Object, java.lang.Object, java.lang.Object, java.lang.Object, java.lang.Object)'> (0x000000070fcd8ec8) 
thrown [s\src\hotspot\share\interpreter\linkResolver.cpp, line 759]
Event: 0.399 Thread 0x00000156261dceb0 Exception <a 'java/lang/NoSuchMethodError'{0x000000070fcea570}: 'int java.lang.invoke.DirectMethodHandle$Holder.invokeSpecialIFC(java.lang.Object, java.lang.Object, java.lang.Object, java.lang.Object, java.lang.Object)'> (0x000000070fcea570) 
thrown [s\src\hotspot\share\interpreter\linkResolver.cpp, line 759]
Event: 0.436 Thread 0x00000156261dceb0 Exception <a 'java/lang/NoSuchMethodError'{0x000000070fa8baa8}: 'java.lang.Object java.lang.invoke.DirectMethodHandle$Holder.newInvokeSpecial(java.lang.Object, java.lang.Object, java.lang.Object, java.lang.Object, java.lang.Object)'> (0x000000070fa8baa8) 
thrown [s\src\hotspot\share\interpreter\linkResolver.cpp, line 759]
Event: 0.456 Thread 0x00000156261dceb0 Exception <a 'java/lang/NoSuchMethodError'{0x000000070fb8cf90}: 'int java.lang.invoke.DirectMethodHandle$Holder.invokeStaticInit(java.lang.Object, java.lang.Object)'> (0x000000070fb8cf90) 
thrown [s\src\hotspot\share\interpreter\linkResolver.cpp, line 759]
Event: 0.461 Thread 0x00000156261dceb0 Exception <a 'java/lang/NoClassDefFoundError'{0x000000070fbc4b90}: javax/enterprise/inject/Typed> (0x000000070fbc4b90) 
thrown [s\src\hotspot\share\classfile\systemDictionary.cpp, line 245]
Event: 1.073 Thread 0x00000156261dceb0 Exception <a 'java/lang/NoSuchMethodError'{0x0000000710434ef8}: 'void java.lang.invoke.DirectMethodHandle$Holder.invokeStaticInit(java.lang.Object, java.lang.Object, java.lang.Object)'> (0x0000000710434ef8) 
thrown [s\src\hotspot\share\interpreter\linkResolver.cpp, line 759]
Event: 1.077 Thread 0x00000156261dceb0 Exception <a 'java/lang/ExceptionInInitializerError'{0x0000000710460148}> (0x0000000710460148) 
thrown [s\src\hotspot\share\oops\instanceKlass.cpp, line 1218]
Event: 1.106 Thread 0x00000156261dceb0 Implicit null exception at 0x0000015636bbc0af to 0x0000015636bbc210
Event: 1.107 Thread 0x00000156261dceb0 Exception <a 'java/lang/NoSuchMethodError'{0x000000071056e618}: 'java.lang.Object java.lang.invoke.Invokers$Holder.invokeExact_MT(java.lang.Object, int, java.lang.Object)'> (0x000000071056e618) 
thrown [s\src\hotspot\share\interpreter\linkResolver.cpp, line 759]

VM Operations (20 events):
Event: 0.057 Executing VM operation: HandshakeAllThreads
Event: 0.058 Executing VM operation: HandshakeAllThreads done
Event: 0.145 Executing VM operation: HandshakeAllThreads
Event: 0.145 Executing VM operation: HandshakeAllThreads done
Event: 0.151 Executing VM operation: HandshakeAllThreads
Event: 0.151 Executing VM operation: HandshakeAllThreads done
Event: 0.245 Executing VM operation: HandshakeAllThreads
Event: 0.245 Executing VM operation: HandshakeAllThreads done
Event: 0.502 Executing VM operation: G1CollectForAllocation
Event: 0.506 Executing VM operation: G1CollectForAllocation done
Event: 0.790 Executing VM operation: HandshakeAllThreads
Event: 0.790 Executing VM operation: HandshakeAllThreads done
Event: 0.845 Executing VM operation: ICBufferFull
Event: 0.845 Executing VM operation: ICBufferFull done
Event: 0.927 Executing VM operation: HandshakeAllThreads
Event: 0.927 Executing VM operation: HandshakeAllThreads done
Event: 0.945 Executing VM operation: G1CollectForAllocation
Event: 0.950 Executing VM operation: G1CollectForAllocation done
Event: 1.081 Executing VM operation: HandshakeAllThreads
Event: 1.081 Executing VM operation: HandshakeAllThreads done

Events (20 events):
Event: 0.965 loading class sun/reflect/generics/repository/ConstructorRepository
Event: 0.965 loading class sun/reflect/generics/repository/ConstructorRepository done
Event: 0.965 loading class sun/reflect/generics/tree/VoidDescriptor
Event: 0.966 loading class sun/reflect/generics/tree/VoidDescriptor done
Event: 0.966 loading class sun/reflect/generics/tree/MethodTypeSignature
Event: 0.966 loading class sun/reflect/generics/tree/MethodTypeSignature done
Event: 0.995 loading class sun/reflect/generics/repository/FieldRepository
Event: 0.995 loading class sun/reflect/generics/repository/FieldRepository done
Event: 1.005 loading class java/io/UncheckedIOException
Event: 1.006 loading class java/io/UncheckedIOException done
Event: 1.017 loading class java/nio/channels/OverlappingFileLockException
Event: 1.017 loading class java/nio/channels/OverlappingFileLockException done
Event: 1.017 loading class java/nio/channels/FileLock
Event: 1.018 loading class java/nio/channels/FileLock done
Event: 1.040 loading class java/nio/file/AccessDeniedException
Event: 1.040 loading class java/nio/file/AccessDeniedException done
Event: 1.075 loading class java/lang/ExceptionInInitializerError
Event: 1.076 loading class java/lang/ExceptionInInitializerError done
Event: 1.078 loading class jdk/internal/vm/annotation/ForceInline
Event: 1.078 loading class jdk/internal/vm/annotation/ForceInline done


Dynamic libraries:
0x00007ff660b00000 - 0x00007ff660b0e000 	D:\minecraft\bin\java.exe
0x00007ffda9910000 - 0x00007ffda9b08000 	C:\WINDOWS\SYSTEM32\ntdll.dll
0x00007ffda9380000 - 0x00007ffda943d000 	C:\WINDOWS\System32\KERNEL32.DLL
0x00007ffda75e0000 - 0x00007ffda78d6000 	C:\WINDOWS\System32\KERNELBASE.dll
0x00007ffda73a0000 - 0x00007ffda74a0000 	C:\WINDOWS\System32\ucrtbase.dll
0x00007ffd89c90000 - 0x00007ffd89ca7000 	D:\minecraft\bin\jli.dll
0x00007ffd9a500000 - 0x00007ffd9a51b000 	D:\minecraft\bin\VCRUNTIME140.dll
0x00007ffda7a50000 - 0x00007ffda7bee000 	C:\WINDOWS\System32\USER32.dll
0x00007ffda75b0000 - 0x00007ffda75d2000 	C:\WINDOWS\System32\win32u.dll
0x00007ffd9a660000 - 0x00007ffd9a8fa000 	C:\WINDOWS\WinSxS\amd64_microsoft.windows.common-controls_6595b64144ccf1df_6.0.19041.3636_none_60b6a03d71f818d5\COMCTL32.dll
0x00007ffda9520000 - 0x00007ffda95be000 	C:\WINDOWS\System32\msvcrt.dll
0x00007ffda84a0000 - 0x00007ffda84cc000 	C:\WINDOWS\System32\GDI32.dll
0x00007ffda7230000 - 0x00007ffda734a000 	C:\WINDOWS\System32\gdi32full.dll
0x00007ffda74a0000 - 0x00007ffda753d000 	C:\WINDOWS\System32\msvcp_win.dll
0x00007ffda7970000 - 0x00007ffda79a0000 	C:\WINDOWS\System32\IMM32.DLL
0x00007ffd96b00000 - 0x00007ffd96b0c000 	D:\minecraft\bin\vcruntime140_1.dll
0x00007ffd7c0f0000 - 0x00007ffd7c17e000 	D:\minecraft\bin\msvcp140.dll
0x00007ffd635d0000 - 0x00007ffd64233000 	D:\minecraft\bin\server\jvm.dll
0x00007ffda79a0000 - 0x00007ffda7a4f000 	C:\WINDOWS\System32\ADVAPI32.dll
0x00007ffda95c0000 - 0x00007ffda965c000 	C:\WINDOWS\System32\sechost.dll
0x00007ffda8e40000 - 0x00007ffda8f66000 	C:\WINDOWS\System32\RPCRT4.dll
0x00007ffda6550000 - 0x00007ffda659b000 	C:\WINDOWS\SYSTEM32\POWRPROF.dll
0x00007ffda47e0000 - 0x00007ffda47e9000 	C:\WINDOWS\SYSTEM32\WSOCK32.dll
0x00007ffd9f4f0000 - 0x00007ffd9f4fa000 	C:\WINDOWS\SYSTEM32\VERSION.dll
0x00007ffd9ba80000 - 0x00007ffd9baa7000 	C:\WINDOWS\SYSTEM32\WINMM.dll
0x00007ffda8f70000 - 0x00007ffda8fdb000 	C:\WINDOWS\System32\WS2_32.dll
0x00007ffda6410000 - 0x00007ffda6422000 	C:\WINDOWS\SYSTEM32\UMPDC.dll
0x00007ffda4df0000 - 0x00007ffda4e02000 	C:\WINDOWS\SYSTEM32\kernel.appcore.dll
0x00007ffd95bb0000 - 0x00007ffd95bba000 	D:\minecraft\bin\jimage.dll
0x00007ffd9b0f0000 - 0x00007ffd9b2d4000 	C:\WINDOWS\SYSTEM32\DBGHELP.DLL
0x00007ffd97330000 - 0x00007ffd97364000 	C:\WINDOWS\SYSTEM32\dbgcore.DLL
0x00007ffda78e0000 - 0x00007ffda7962000 	C:\WINDOWS\System32\bcryptPrimitives.dll
0x00007ffd89b90000 - 0x00007ffd89bb5000 	D:\minecraft\bin\java.dll
0x00007ffd7c270000 - 0x00007ffd7c347000 	D:\minecraft\bin\jsvml.dll
0x00007ffda84d0000 - 0x00007ffda8c15000 	C:\WINDOWS\System32\SHELL32.dll
0x00007ffda50d0000 - 0x00007ffda586b000 	C:\WINDOWS\SYSTEM32\windows.storage.dll
0x00007ffda8080000 - 0x00007ffda83d4000 	C:\WINDOWS\System32\combase.dll
0x00007ffda6a30000 - 0x00007ffda6a5d000 	C:\WINDOWS\SYSTEM32\Wldp.dll
0x00007ffda92d0000 - 0x00007ffda937d000 	C:\WINDOWS\System32\SHCORE.dll
0x00007ffda8c30000 - 0x00007ffda8c85000 	C:\WINDOWS\System32\shlwapi.dll
0x00007ffda6f20000 - 0x00007ffda6f45000 	C:\WINDOWS\SYSTEM32\profapi.dll
0x00007ffd8be40000 - 0x00007ffd8be59000 	D:\minecraft\bin\net.dll
0x00007ffda04d0000 - 0x00007ffda05da000 	C:\WINDOWS\SYSTEM32\WINHTTP.dll
0x00007ffda6790000 - 0x00007ffda67fa000 	C:\WINDOWS\system32\mswsock.dll
0x00007ffd8ba80000 - 0x00007ffd8ba96000 	D:\minecraft\bin\nio.dll
0x00007ffd8aa10000 - 0x00007ffd8aa28000 	D:\minecraft\bin\zip.dll
0x0000000069ac0000 - 0x0000000069ae4000 	C:\Program Files\NetBeans-20\netbeans\java\maven\lib\jansi-native\Windows\x86_64\jansi.dll
0x00007ffd955d0000 - 0x00007ffd955e0000 	D:\minecraft\bin\verify.dll

dbghelp: loaded successfully - version: 4.0.5 - missing functions: none
symbol engine: initialized successfully - sym options: 0x614 - pdb path: .;D:\minecraft\bin;C:\WINDOWS\SYSTEM32;C:\WINDOWS\WinSxS\amd64_microsoft.windows.common-controls_6595b64144ccf1df_6.0.19041.3636_none_60b6a03d71f818d5;D:\minecraft\bin\server;C:\Program Files\NetBeans-20\netbeans\java\maven\lib\jansi-native\Windows\x86_64

VM Arguments:
jvm_args: -Dclassworlds.conf=C:\Program Files\NetBeans-20\netbeans\java\maven\bin\m2.conf -Dmaven.home=C:\Program Files\NetBeans-20\netbeans\java\maven -Dlibrary.jansi.path=C:\Program Files\NetBeans-20\netbeans\java\maven\lib\jansi-native -Dmaven.multiModuleProjectDirectory=C:\Users\Danie\Documents\NetBeansProjects\CRUDmongo 
java_command: org.codehaus.plexus.classworlds.launcher.Launcher -Dexec.vmArgs= -Dexec.args=${exec.vmArgs} -classpath %classpath ${exec.mainClass} ${exec.appArgs} -Dexec.appArgs= -Dexec.mainClass=com.mycompany.crudmongo.CRUDmongo -Dexec.executable=D:\minecraft\bin\java.exe -Dmaven.ext.class.path=C:\Program Files\NetBeans-20\netbeans\java\maven-nblib\netbeans-eventspy.jar -Dfile.encoding=UTF-8 --no-transfer-progress process-classes org.codehaus.mojo:exec-maven-plugin:3.1.0:exec
java_class_path (initial): C:\Program Files\NetBeans-20\netbeans\java\maven\boot\plexus-classworlds-2.7.0.jar
Launcher Type: SUN_STANDARD

[Global flags]
     intx CICompilerCount                          = 4                                         {product} {ergonomic}
     uint ConcGCThreads                            = 3                                         {product} {ergonomic}
     uint G1ConcRefinementThreads                  = 10                                        {product} {ergonomic}
   size_t G1HeapRegionSize                         = 2097152                                   {product} {ergonomic}
    uintx GCDrainStackTargetSize                   = 64                                        {product} {ergonomic}
   size_t InitialHeapSize                          = 268435456                                 {product} {ergonomic}
   size_t MarkStackSize                            = 4194304                                   {product} {ergonomic}
   size_t MaxHeapSize                              = 4282384384                                {product} {ergonomic}
   size_t MaxNewSize                               = 2569011200                                {product} {ergonomic}
   size_t MinHeapDeltaBytes                        = 2097152                                   {product} {ergonomic}
   size_t MinHeapSize                              = 8388608                                   {product} {ergonomic}
    uintx NonNMethodCodeHeapSize                   = 5839372                                {pd product} {ergonomic}
    uintx NonProfiledCodeHeapSize                  = 122909434                              {pd product} {ergonomic}
    uintx ProfiledCodeHeapSize                     = 122909434                              {pd product} {ergonomic}
    uintx ReservedCodeCacheSize                    = 251658240                              {pd product} {ergonomic}
     bool SegmentedCodeCache                       = true                                      {product} {ergonomic}
   size_t SoftMaxHeapSize                          = 4282384384                             {manageable} {ergonomic}
     bool UseCompressedClassPointers               = true                           {product lp64_product} {ergonomic}
     bool UseCompressedOops                        = true                           {product lp64_product} {ergonomic}
     bool UseG1GC                                  = true                                      {product} {ergonomic}
     bool UseLargePagesIndividualAllocation        = false                                  {pd product} {ergonomic}

Logging:
Log output configuration:
 #0: stdout all=warning uptime,level,tags
 #1: stderr all=off uptime,level,tags

Environment Variables:
JAVA_HOME=D:\minecraft
PATH=D:\minecraft\bin\;C:\Program Files\Common Files\Oracle\Java\javapath;C:\WINDOWS\system32;C:\WINDOWS;C:\WINDOWS\System32\Wbem;C:\WINDOWS\System32\WindowsPowerShell\v1.0\;C:\WINDOWS\System32\OpenSSH\;D:\git\Git\cmd;D:\node\;C:\Program Files\dotnet\;C:\Program Files (x86)\NVIDIA Corporation\PhysX\Common;C:\Program Files (x86)\Microsoft SQL Server\160\Tools\Binn\;C:\Program Files\Microsoft SQL Server\160\Tools\Binn\;C:\Program Files\Microsoft SQL Server\Client SDK\ODBC\170\Tools\Binn\;C:\Program Files\Microsoft SQL Server\160\DTS\Binn\;C:\Program Files (x86)\Microsoft SQL Server\160\DTS\Binn\;C:\Program Files\Azure Data Studio\bin;C:\Users\Danie\.console-ninja\.bin;C:\Users\Danie\AppData\Local\Microsoft\WindowsApps;D:\Visual\Microsoft VS Code\bin;C:\Users\Danie\AppData\Roaming\npm;C:\SqlLite3;C:\Program Files\Azure Data Studio\bin
USERNAME=Danie
OS=Windows_NT
PROCESSOR_IDENTIFIER=AMD64 Family 23 Model 113 Stepping 0, AuthenticAMD
TMP=C:\Users\Danie\AppData\Local\Temp
TEMP=C:\Users\Danie\AppData\Local\Temp



Periodic native trim disabled


---------------  S Y S T E M  ---------------

OS:
 Windows 10 , 64 bit Build 19041 (10.0.19041.3636)
OS uptime: 3 days 3:24 hours

CPU: total 12 (initial active 12) (12 cores per cpu, 2 threads per core) family 23 model 113 stepping 0 microcode 0x0, cx8, cmov, fxsr, ht, mmx, 3dnowpref, sse, sse2, sse3, ssse3, sse4a, sse4.1, sse4.2, popcnt, lzcnt, tsc, tscinvbit, avx, avx2, aes, clmul, bmi1, bmi2, adx, sha, fma, vzeroupper, clflush, clflushopt
Processor Information for all 12 processors :
  Max Mhz: 3600, Current Mhz: 3600, Mhz Limit: 3600

Memory: 4k page, system-wide physical 16334M (2059M free)
TotalPageFile size 31526M (AvailPageFile size 3M)
current process WorkingSet (physical memory assigned to process): 109M, peak: 109M
current process commit charge ("private bytes"): 381M, peak: 383M

vm_info: OpenJDK 64-Bit Server VM (17.0.9+11-LTS) for windows-amd64 JRE (17.0.9+11-LTS), built on Oct 17 2023 20:09:12 by "" with MS VC++ 17.1 (VS2022)

END.
