#
# There is insufficient memory for the Java Runtime Environment to continue.
# Native memory allocation (mmap) failed to map 268435456 bytes for G1 virtual space
# Possible reasons:
#   The system is out of physical RAM or swap space
#   The process is running with CompressedOops enabled, and the Java Heap may be blocking the growth of the native heap
# Possible solutions:
#   Reduce memory load on the system
#   Increase physical memory or swap space
#   Check if swap backing store is full
#   Decrease Java heap size (-Xmx/-Xms)
#   Decrease number of Java threads
#   Decrease Java thread stack sizes (-Xss)
#   Set larger code cache with -XX:ReservedCodeCacheSize=
#   JVM is running with Zero Based Compressed Oops mode in which the Java heap is
#     placed in the first 32GB address space. The Java Heap base address is the
#     maximum limit for the native heap growth. Please use -XX:HeapBaseMinAddress
#     to set the Java Heap base and to place the Java Heap above 32GB virtual address.
# This output file may be truncated or incomplete.
#
#  Out of Memory Error (os_windows.cpp:3613), pid=17496, tid=24312
#
# JRE version:  (17.0.9+11) (build )
# Java VM: OpenJDK 64-Bit Server VM (17.0.9+11-LTS, mixed mode, sharing, tiered, compressed oops, compressed class ptrs, g1 gc, windows-amd64)
# No core dump will be written. Minidumps are not enabled by default on client versions of Windows
#

---------------  S U M M A R Y ------------

Command Line: com.mycompany.crudmongo.CRUDmongo

Host: AMD Ryzen 5 3600 6-Core Processor              , 12 cores, 15G,  Windows 10 , 64 bit Build 19041 (10.0.19041.3636)
Time: Wed Dec 27 23:53:45 2023 Hora verano Sudamérica Pacífico elapsed time: 0.007994 seconds (0d 0h 0m 0s)

---------------  T H R E A D  ---------------

Current thread (0x0000028e9e9684c0):  JavaThread "Unknown thread" [_thread_in_vm, id=24312, stack(0x000000ca22300000,0x000000ca22400000)]

Stack: [0x000000ca22300000,0x000000ca22400000]
Native frames: (J=compiled Java code, j=interpreted, Vv=VM code, C=native code)
V  [jvm.dll+0x67bd39]
V  [jvm.dll+0x832448]
V  [jvm.dll+0x833f0e]
V  [jvm.dll+0x834573]
V  [jvm.dll+0x24833f]
V  [jvm.dll+0x678b49]
V  [jvm.dll+0x66d56a]
V  [jvm.dll+0x306d46]
V  [jvm.dll+0x30e136]
V  [jvm.dll+0x35db9e]
V  [jvm.dll+0x35ddcf]
V  [jvm.dll+0x2ddae8]
V  [jvm.dll+0x2dea54]
V  [jvm.dll+0x803f41]
V  [jvm.dll+0x36b7f1]
V  [jvm.dll+0x7e2a18]
V  [jvm.dll+0x3ef6ff]
V  [jvm.dll+0x3f1321]
C  [jli.dll+0x5287]
C  [ucrtbase.dll+0x21bb2]
C  [KERNEL32.DLL+0x17344]
C  [ntdll.dll+0x526b1]


---------------  P R O C E S S  ---------------

Threads class SMR info:
_java_thread_list=0x00007ffd49210538, length=0, elements={
}

Java Threads: ( => current thread )

Other Threads:
  0x0000028e9e9d6020 GCTaskThread "GC Thread#0" [stack: 0x000000ca22400000,0x000000ca22500000] [id=23596]
  0x0000028e9e9e6eb0 ConcurrentGCThread "G1 Main Marker" [stack: 0x000000ca22500000,0x000000ca22600000] [id=1572]
  0x0000028e9e9e8070 ConcurrentGCThread "G1 Conc#0" [stack: 0x000000ca22600000,0x000000ca22700000] [id=24208]

[error occurred during error reporting (printing all threads), id 0xc0000005, EXCEPTION_ACCESS_VIOLATION (0xc0000005) at pc=0x00007ffd489ce8c7]

VM state: not at safepoint (not fully initialized)

VM Mutex/Monitor currently owned by a thread:  ([mutex/lock_event])
[0x0000028e9e963a10] Heap_lock - owner thread: 0x0000028e9e9684c0

Heap address: 0x0000000700c00000, size: 4084 MB, Compressed Oops mode: Zero based, Oop shift amount: 3

CDS archive(s) mapped at: [0x0000000000000000-0x0000000000000000-0x0000000000000000), size 0, SharedBaseAddress: 0x0000000800000000, ArchiveRelocationMode: 1.
Narrow klass base: 0x0000000000000000, Narrow klass shift: 0, Narrow klass range: 0x0

GC Precious Log:
<Empty>

Heap:
 garbage-first heap   total 0K, used 0K [0x0000000700c00000, 0x0000000800000000)
  region size 2048K, 0 young (0K), 0 survivors (0K)

[error occurred during error reporting (printing heap information), id 0xc0000005, EXCEPTION_ACCESS_VIOLATION (0xc0000005) at pc=0x00007ffd48db5609]

GC Heap History (0 events):
No events

Dll operation events (1 events):
Event: 0.005 Loaded shared library D:\minecraft\bin\java.dll

Deoptimization events (0 events):
No events

Classes unloaded (0 events):
No events

Classes redefined (0 events):
No events

Internal exceptions (0 events):
No events

VM Operations (0 events):
No events

Events (0 events):
No events


Dynamic libraries:
0x00007ff660b00000 - 0x00007ff660b0e000 	D:\minecraft\bin\java.exe
0x00007ffda9910000 - 0x00007ffda9b08000 	C:\WINDOWS\SYSTEM32\ntdll.dll
0x00007ffda9380000 - 0x00007ffda943d000 	C:\WINDOWS\System32\KERNEL32.DLL
0x00007ffda75e0000 - 0x00007ffda78d6000 	C:\WINDOWS\System32\KERNELBASE.dll
0x00007ffda73a0000 - 0x00007ffda74a0000 	C:\WINDOWS\System32\ucrtbase.dll
0x00007ffd89b80000 - 0x00007ffd89b9b000 	D:\minecraft\bin\VCRUNTIME140.dll
0x00007ffd8be40000 - 0x00007ffd8be57000 	D:\minecraft\bin\jli.dll
0x00007ffda7a50000 - 0x00007ffda7bee000 	C:\WINDOWS\System32\USER32.dll
0x00007ffd9a660000 - 0x00007ffd9a8fa000 	C:\WINDOWS\WinSxS\amd64_microsoft.windows.common-controls_6595b64144ccf1df_6.0.19041.3636_none_60b6a03d71f818d5\COMCTL32.dll
0x00007ffda75b0000 - 0x00007ffda75d2000 	C:\WINDOWS\System32\win32u.dll
0x00007ffda9520000 - 0x00007ffda95be000 	C:\WINDOWS\System32\msvcrt.dll
0x00007ffda84a0000 - 0x00007ffda84cc000 	C:\WINDOWS\System32\GDI32.dll
0x00007ffda7230000 - 0x00007ffda734a000 	C:\WINDOWS\System32\gdi32full.dll
0x00007ffda74a0000 - 0x00007ffda753d000 	C:\WINDOWS\System32\msvcp_win.dll
0x00007ffda7970000 - 0x00007ffda79a0000 	C:\WINDOWS\System32\IMM32.DLL
0x00007ffd89b70000 - 0x00007ffd89b7c000 	D:\minecraft\bin\vcruntime140_1.dll
0x00007ffd764a0000 - 0x00007ffd7652e000 	D:\minecraft\bin\msvcp140.dll
0x00007ffd486e0000 - 0x00007ffd49343000 	D:\minecraft\bin\server\jvm.dll
0x00007ffda79a0000 - 0x00007ffda7a4f000 	C:\WINDOWS\System32\ADVAPI32.dll
0x00007ffda95c0000 - 0x00007ffda965c000 	C:\WINDOWS\System32\sechost.dll
0x00007ffda8e40000 - 0x00007ffda8f66000 	C:\WINDOWS\System32\RPCRT4.dll
0x00007ffd9ba80000 - 0x00007ffd9baa7000 	C:\WINDOWS\SYSTEM32\WINMM.dll
0x00007ffda47e0000 - 0x00007ffda47e9000 	C:\WINDOWS\SYSTEM32\WSOCK32.dll
0x00007ffda6550000 - 0x00007ffda659b000 	C:\WINDOWS\SYSTEM32\POWRPROF.dll
0x00007ffda8f70000 - 0x00007ffda8fdb000 	C:\WINDOWS\System32\WS2_32.dll
0x00007ffd9f4f0000 - 0x00007ffd9f4fa000 	C:\WINDOWS\SYSTEM32\VERSION.dll
0x00007ffda6410000 - 0x00007ffda6422000 	C:\WINDOWS\SYSTEM32\UMPDC.dll
0x00007ffda4df0000 - 0x00007ffda4e02000 	C:\WINDOWS\SYSTEM32\kernel.appcore.dll
0x00007ffd89b60000 - 0x00007ffd89b6a000 	D:\minecraft\bin\jimage.dll
0x00007ffd9b0f0000 - 0x00007ffd9b2d4000 	C:\WINDOWS\SYSTEM32\DBGHELP.DLL
0x00007ffd97330000 - 0x00007ffd97364000 	C:\WINDOWS\SYSTEM32\dbgcore.DLL
0x00007ffda78e0000 - 0x00007ffda7962000 	C:\WINDOWS\System32\bcryptPrimitives.dll
0x00007ffd76600000 - 0x00007ffd76625000 	D:\minecraft\bin\java.dll

dbghelp: loaded successfully - version: 4.0.5 - missing functions: none
symbol engine: initialized successfully - sym options: 0x614 - pdb path: .;D:\minecraft\bin;C:\WINDOWS\SYSTEM32;C:\WINDOWS\WinSxS\amd64_microsoft.windows.common-controls_6595b64144ccf1df_6.0.19041.3636_none_60b6a03d71f818d5;D:\minecraft\bin\server

VM Arguments:
java_command: com.mycompany.crudmongo.CRUDmongo
java_class_path (initial): C:\Users\Danie\Documents\NetBeansProjects\CRUDmongo\target\classes;C:\Users\Danie\.m2\repository\org\mongodb\mongo-java-driver\3.12.14\mongo-java-driver-3.12.14.jar
Launcher Type: SUN_STANDARD

[Global flags]
     intx CICompilerCount                          = 4                                         {product} {ergonomic}
     uint ConcGCThreads                            = 3                                         {product} {ergonomic}
     uint G1ConcRefinementThreads                  = 10                                        {product} {ergonomic}
   size_t G1HeapRegionSize                         = 2097152                                   {product} {ergonomic}
    uintx GCDrainStackTargetSize                   = 64                                        {product} {ergonomic}
   size_t InitialHeapSize                          = 268435456                                 {product} {ergonomic}
   size_t MarkStackSize                            = 4194304                                   {product} {ergonomic}
   size_t MaxHeapSize                              = 4282384384                                {product} {ergonomic}
   size_t MinHeapDeltaBytes                        = 2097152                                   {product} {ergonomic}
   size_t MinHeapSize                              = 8388608                                   {product} {ergonomic}
    uintx NonNMethodCodeHeapSize                   = 5839372                                {pd product} {ergonomic}
    uintx NonProfiledCodeHeapSize                  = 122909434                              {pd product} {ergonomic}
    uintx ProfiledCodeHeapSize                     = 122909434                              {pd product} {ergonomic}
    uintx ReservedCodeCacheSize                    = 251658240                              {pd product} {ergonomic}
     bool SegmentedCodeCache                       = true                                      {product} {ergonomic}
   size_t SoftMaxHeapSize                          = 4282384384                             {manageable} {ergonomic}
     bool UseCompressedClassPointers               = true                           {product lp64_product} {ergonomic}
     bool UseCompressedOops                        = true                           {product lp64_product} {ergonomic}
     bool UseG1GC                                  = true                                      {product} {ergonomic}
     bool UseLargePagesIndividualAllocation        = false                                  {pd product} {ergonomic}

Logging:
Log output configuration:
 #0: stdout all=warning uptime,level,tags
 #1: stderr all=off uptime,level,tags

Environment Variables:
JAVA_HOME=D:\minecraft
PATH=D:\minecraft\bin\;C:\Program Files\Common Files\Oracle\Java\javapath;C:\WINDOWS\system32;C:\WINDOWS;C:\WINDOWS\System32\Wbem;C:\WINDOWS\System32\WindowsPowerShell\v1.0\;C:\WINDOWS\System32\OpenSSH\;D:\git\Git\cmd;D:\node\;C:\Program Files\dotnet\;C:\Program Files (x86)\NVIDIA Corporation\PhysX\Common;C:\Program Files (x86)\Microsoft SQL Server\160\Tools\Binn\;C:\Program Files\Microsoft SQL Server\160\Tools\Binn\;C:\Program Files\Microsoft SQL Server\Client SDK\ODBC\170\Tools\Binn\;C:\Program Files\Microsoft SQL Server\160\DTS\Binn\;C:\Program Files (x86)\Microsoft SQL Server\160\DTS\Binn\;C:\Program Files\Azure Data Studio\bin;C:\Users\Danie\.console-ninja\.bin;C:\Users\Danie\AppData\Local\Microsoft\WindowsApps;D:\Visual\Microsoft VS Code\bin;C:\Users\Danie\AppData\Roaming\npm;C:\SqlLite3;C:\Program Files\Azure Data Studio\bin
USERNAME=Danie
OS=Windows_NT
PROCESSOR_IDENTIFIER=AMD64 Family 23 Model 113 Stepping 0, AuthenticAMD
TMP=C:\Users\Danie\AppData\Local\Temp
TEMP=C:\Users\Danie\AppData\Local\Temp



Periodic native trim disabled


---------------  S Y S T E M  ---------------

OS:
 Windows 10 , 64 bit Build 19041 (10.0.19041.3636)
OS uptime: 3 days 3:18 hours

CPU: total 12 (initial active 12) (12 cores per cpu, 2 threads per core) family 23 model 113 stepping 0 microcode 0x0, cx8, cmov, fxsr, ht, mmx, 3dnowpref, sse, sse2, sse3, ssse3, sse4a, sse4.1, sse4.2, popcnt, lzcnt, tsc, tscinvbit, avx, avx2, aes, clmul, bmi1, bmi2, adx, sha, fma, vzeroupper, clflush, clflushopt
Processor Information for all 12 processors :
  Max Mhz: 3600, Current Mhz: 3600, Mhz Limit: 3600

Memory: 4k page, system-wide physical 16334M (2016M free)
TotalPageFile size 31526M (AvailPageFile size 99M)
current process WorkingSet (physical memory assigned to process): 10M, peak: 10M
current process commit charge ("private bytes"): 64M, peak: 320M

vm_info: OpenJDK 64-Bit Server VM (17.0.9+11-LTS) for windows-amd64 JRE (17.0.9+11-LTS), built on Oct 17 2023 20:09:12 by "" with MS VC++ 17.1 (VS2022)

END.
