#
# There is insufficient memory for the Java Runtime Environment to continue.
# Native memory allocation (malloc) failed to allocate 32784 bytes for Chunk::new
# Possible reasons:
#   The system is out of physical RAM or swap space
#   The process is running with CompressedOops enabled, and the Java Heap may be blocking the growth of the native heap
# Possible solutions:
#   Reduce memory load on the system
#   Increase physical memory or swap space
#   Check if swap backing store is full
#   Decrease Java heap size (-Xmx/-Xms)
#   Decrease number of Java threads
#   Decrease Java thread stack sizes (-Xss)
#   Set larger code cache with -XX:ReservedCodeCacheSize=
#   JVM is running with Zero Based Compressed Oops mode in which the Java heap is
#     placed in the first 32GB address space. The Java Heap base address is the
#     maximum limit for the native heap growth. Please use -XX:HeapBaseMinAddress
#     to set the Java Heap base and to place the Java Heap above 32GB virtual address.
# This output file may be truncated or incomplete.
#
#  Out of Memory Error (arena.cpp:191), pid=25560, tid=25584
#
# JRE version: OpenJDK Runtime Environment (17.0.9+11) (build 17.0.9+11-LTS)
# Java VM: OpenJDK 64-Bit Server VM (17.0.9+11-LTS, mixed mode, sharing, tiered, compressed oops, compressed class ptrs, g1 gc, windows-amd64)
# No core dump will be written. Minidumps are not enabled by default on client versions of Windows
#

---------------  S U M M A R Y ------------

Command Line: -Dclassworlds.conf=C:\Program Files\NetBeans-20\netbeans\java\maven\bin\m2.conf -Dmaven.home=C:\Program Files\NetBeans-20\netbeans\java\maven -Dlibrary.jansi.path=C:\Program Files\NetBeans-20\netbeans\java\maven\lib\jansi-native -Dmaven.multiModuleProjectDirectory=C:\Users\Danie\Documents\NetBeansProjects\CRUDmongo org.codehaus.plexus.classworlds.launcher.Launcher -Dexec.vmArgs= -Dexec.args=${exec.vmArgs} -classpath %classpath ${exec.mainClass} ${exec.appArgs} -Dexec.appArgs= -Dexec.mainClass=com.mycompany.crudmongo.CRUDmongo -Dexec.executable=D:\minecraft\bin\java.exe -Dmaven.ext.class.path=C:\Program Files\NetBeans-20\netbeans\java\maven-nblib\netbeans-eventspy.jar -Dfile.encoding=UTF-8 --no-transfer-progress process-classes org.codehaus.mojo:exec-maven-plugin:3.1.0:exec

Host: AMD Ryzen 5 3600 6-Core Processor              , 12 cores, 15G,  Windows 10 , 64 bit Build 19041 (10.0.19041.3636)
Time: Wed Dec 27 23:58:14 2023 Hora verano Sudamérica Pacífico elapsed time: 0.184117 seconds (0d 0h 0m 0s)

---------------  T H R E A D  ---------------

Current thread (0x00000237b031f9a0):  JavaThread "C2 CompilerThread0" daemon [_thread_in_native, id=25584, stack(0x0000005883100000,0x0000005883200000)]


Current CompileTask:
C2:    184  418       4       java.lang.StringLatin1::replace (198 bytes)

Stack: [0x0000005883100000,0x0000005883200000]
Native frames: (J=compiled Java code, j=interpreted, Vv=VM code, C=native code)
V  [jvm.dll+0x67bd39]
V  [jvm.dll+0x832448]
V  [jvm.dll+0x833f0e]
V  [jvm.dll+0x834573]
V  [jvm.dll+0x24833f]
V  [jvm.dll+0xac24c]
V  [jvm.dll+0xac8ac]
V  [jvm.dll+0xac364]
V  [jvm.dll+0x65964c]
V  [jvm.dll+0x60cc17]
V  [jvm.dll+0x21a29e]
V  [jvm.dll+0x219851]
V  [jvm.dll+0x1a59f0]
V  [jvm.dll+0x2296bd]
V  [jvm.dll+0x22787b]
V  [jvm.dll+0x7e7808]
V  [jvm.dll+0x7e1baa]
V  [jvm.dll+0x67ac25]
C  [ucrtbase.dll+0x21bb2]
C  [KERNEL32.DLL+0x17344]
C  [ntdll.dll+0x526b1]


---------------  P R O C E S S  ---------------

Threads class SMR info:
_java_thread_list=0x00000237b046e0b0, length=12, elements={
0x000002378b9ba270, 0x00000237b01de0e0, 0x00000237b01dea80, 0x00000237b03182c0,
0x00000237b03197b0, 0x00000237b031aca0, 0x00000237b031b180, 0x00000237b031f9a0,
0x00000237b032ba90, 0x00000237b032dfc0, 0x00000237b046e830, 0x00000237b04707d0
}

Java Threads: ( => current thread )
  0x000002378b9ba270 JavaThread "main" [_thread_in_vm, id=14736, stack(0x0000005882400000,0x0000005882500000)]
  0x00000237b01de0e0 JavaThread "Reference Handler" daemon [_thread_blocked, id=24824, stack(0x0000005882b00000,0x0000005882c00000)]
  0x00000237b01dea80 JavaThread "Finalizer" daemon [_thread_blocked, id=17264, stack(0x0000005882c00000,0x0000005882d00000)]
  0x00000237b03182c0 JavaThread "Signal Dispatcher" daemon [_thread_blocked, id=24908, stack(0x0000005882d00000,0x0000005882e00000)]
  0x00000237b03197b0 JavaThread "Attach Listener" daemon [_thread_blocked, id=21108, stack(0x0000005882e00000,0x0000005882f00000)]
  0x00000237b031aca0 JavaThread "Service Thread" daemon [_thread_blocked, id=24912, stack(0x0000005882f00000,0x0000005883000000)]
  0x00000237b031b180 JavaThread "Monitor Deflation Thread" daemon [_thread_blocked, id=17496, stack(0x0000005883000000,0x0000005883100000)]
=>0x00000237b031f9a0 JavaThread "C2 CompilerThread0" daemon [_thread_in_native, id=25584, stack(0x0000005883100000,0x0000005883200000)]
  0x00000237b032ba90 JavaThread "C1 CompilerThread0" daemon [_thread_blocked, id=4972, stack(0x0000005883200000,0x0000005883300000)]
  0x00000237b032dfc0 JavaThread "Sweeper thread" daemon [_thread_blocked, id=13340, stack(0x0000005883300000,0x0000005883400000)]
  0x00000237b046e830 JavaThread "Notification Thread" daemon [_thread_blocked, id=24640, stack(0x0000005883400000,0x0000005883500000)]
  0x00000237b04707d0 JavaThread "Common-Cleaner" daemon [_thread_blocked, id=25552, stack(0x0000005883600000,0x0000005883700000)]

Other Threads:
  0x00000237b01d65a0 VMThread "VM Thread" [stack: 0x0000005882a00000,0x0000005882b00000] [id=24876]
  0x00000237b046f120 WatcherThread [stack: 0x0000005883500000,0x0000005883600000] [id=2076]
  0x000002378ba27a80 GCTaskThread "GC Thread#0" [stack: 0x0000005882500000,0x0000005882600000] [id=24784]
  0x000002378ba38820 ConcurrentGCThread "G1 Main Marker" [stack: 0x0000005882600000,0x0000005882700000] [id=18844]
  0x000002378ba3a160 ConcurrentGCThread "G1 Conc#0" [stack: 0x0000005882700000,0x0000005882800000] [id=5376]
  0x00000237b008a120 ConcurrentGCThread "G1 Refine#0" [stack: 0x0000005882800000,0x0000005882900000] [id=21628]
  0x00000237b008c420 ConcurrentGCThread "G1 Service" [stack: 0x0000005882900000,0x0000005882a00000] [id=25208]

Threads with active compile tasks:
C2 CompilerThread0      207  418       4       java.lang.StringLatin1::replace (198 bytes)

VM state: not at safepoint (normal execution)

VM Mutex/Monitor currently owned by a thread: None

Heap address: 0x0000000700c00000, size: 4084 MB, Compressed Oops mode: Zero based, Oop shift amount: 3

CDS archive(s) mapped at: [0x00000237b1000000-0x00000237b1ba0000-0x00000237b1ba0000), size 12189696, SharedBaseAddress: 0x00000237b1000000, ArchiveRelocationMode: 1.
Compressed class space mapped at: 0x00000237b2000000-0x00000237f2000000, reserved size: 1073741824
Narrow klass base: 0x00000237b1000000, Narrow klass shift: 0, Narrow klass range: 0x100000000

GC Precious Log:
 CPUs: 12 total, 12 available
 Memory: 16334M
 Large Page Support: Disabled
 NUMA Support: Disabled
 Compressed Oops: Enabled (Zero based)
 Heap Region Size: 2M
 Heap Min Capacity: 8M
 Heap Initial Capacity: 256M
 Heap Max Capacity: 4084M
 Pre-touch: Disabled
 Parallel Workers: 10
 Concurrent Workers: 3
 Concurrent Refinement Workers: 10
 Periodic GC: Disabled

Heap:
 garbage-first heap   total 262144K, used 6144K [0x0000000700c00000, 0x0000000800000000)
  region size 2048K, 4 young (8192K), 0 survivors (0K)
 Metaspace       used 1936K, committed 2112K, reserved 1114112K
  class space    used 174K, committed 256K, reserved 1048576K

Heap Regions: E=young(eden), S=young(survivor), O=old, HS=humongous(starts), HC=humongous(continues), CS=collection set, F=free, OA=open archive, CA=closed archive, TAMS=top-at-mark-start (previous, next)
|   0|0x0000000700c00000, 0x0000000700c00000, 0x0000000700e00000|  0%| F|  |TAMS 0x0000000700c00000, 0x0000000700c00000| Untracked 
|   1|0x0000000700e00000, 0x0000000700e00000, 0x0000000701000000|  0%| F|  |TAMS 0x0000000700e00000, 0x0000000700e00000| Untracked 
|   2|0x0000000701000000, 0x0000000701000000, 0x0000000701200000|  0%| F|  |TAMS 0x0000000701000000, 0x0000000701000000| Untracked 
|   3|0x0000000701200000, 0x0000000701200000, 0x0000000701400000|  0%| F|  |TAMS 0x0000000701200000, 0x0000000701200000| Untracked 
|   4|0x0000000701400000, 0x0000000701400000, 0x0000000701600000|  0%| F|  |TAMS 0x0000000701400000, 0x0000000701400000| Untracked 
|   5|0x0000000701600000, 0x0000000701600000, 0x0000000701800000|  0%| F|  |TAMS 0x0000000701600000, 0x0000000701600000| Untracked 
|   6|0x0000000701800000, 0x0000000701800000, 0x0000000701a00000|  0%| F|  |TAMS 0x0000000701800000, 0x0000000701800000| Untracked 
|   7|0x0000000701a00000, 0x0000000701a00000, 0x0000000701c00000|  0%| F|  |TAMS 0x0000000701a00000, 0x0000000701a00000| Untracked 
|   8|0x0000000701c00000, 0x0000000701c00000, 0x0000000701e00000|  0%| F|  |TAMS 0x0000000701c00000, 0x0000000701c00000| Untracked 
|   9|0x0000000701e00000, 0x0000000701e00000, 0x0000000702000000|  0%| F|  |TAMS 0x0000000701e00000, 0x0000000701e00000| Untracked 
|  10|0x0000000702000000, 0x0000000702000000, 0x0000000702200000|  0%| F|  |TAMS 0x0000000702000000, 0x0000000702000000| Untracked 
|  11|0x0000000702200000, 0x0000000702200000, 0x0000000702400000|  0%| F|  |TAMS 0x0000000702200000, 0x0000000702200000| Untracked 
|  12|0x0000000702400000, 0x0000000702400000, 0x0000000702600000|  0%| F|  |TAMS 0x0000000702400000, 0x0000000702400000| Untracked 
|  13|0x0000000702600000, 0x0000000702600000, 0x0000000702800000|  0%| F|  |TAMS 0x0000000702600000, 0x0000000702600000| Untracked 
|  14|0x0000000702800000, 0x0000000702800000, 0x0000000702a00000|  0%| F|  |TAMS 0x0000000702800000, 0x0000000702800000| Untracked 
|  15|0x0000000702a00000, 0x0000000702a00000, 0x0000000702c00000|  0%| F|  |TAMS 0x0000000702a00000, 0x0000000702a00000| Untracked 
|  16|0x0000000702c00000, 0x0000000702c00000, 0x0000000702e00000|  0%| F|  |TAMS 0x0000000702c00000, 0x0000000702c00000| Untracked 
|  17|0x0000000702e00000, 0x0000000702e00000, 0x0000000703000000|  0%| F|  |TAMS 0x0000000702e00000, 0x0000000702e00000| Untracked 
|  18|0x0000000703000000, 0x0000000703000000, 0x0000000703200000|  0%| F|  |TAMS 0x0000000703000000, 0x0000000703000000| Untracked 
|  19|0x0000000703200000, 0x0000000703200000, 0x0000000703400000|  0%| F|  |TAMS 0x0000000703200000, 0x0000000703200000| Untracked 
|  20|0x0000000703400000, 0x0000000703400000, 0x0000000703600000|  0%| F|  |TAMS 0x0000000703400000, 0x0000000703400000| Untracked 
|  21|0x0000000703600000, 0x0000000703600000, 0x0000000703800000|  0%| F|  |TAMS 0x0000000703600000, 0x0000000703600000| Untracked 
|  22|0x0000000703800000, 0x0000000703800000, 0x0000000703a00000|  0%| F|  |TAMS 0x0000000703800000, 0x0000000703800000| Untracked 
|  23|0x0000000703a00000, 0x0000000703a00000, 0x0000000703c00000|  0%| F|  |TAMS 0x0000000703a00000, 0x0000000703a00000| Untracked 
|  24|0x0000000703c00000, 0x0000000703c00000, 0x0000000703e00000|  0%| F|  |TAMS 0x0000000703c00000, 0x0000000703c00000| Untracked 
|  25|0x0000000703e00000, 0x0000000703e00000, 0x0000000704000000|  0%| F|  |TAMS 0x0000000703e00000, 0x0000000703e00000| Untracked 
|  26|0x0000000704000000, 0x0000000704000000, 0x0000000704200000|  0%| F|  |TAMS 0x0000000704000000, 0x0000000704000000| Untracked 
|  27|0x0000000704200000, 0x0000000704200000, 0x0000000704400000|  0%| F|  |TAMS 0x0000000704200000, 0x0000000704200000| Untracked 
|  28|0x0000000704400000, 0x0000000704400000, 0x0000000704600000|  0%| F|  |TAMS 0x0000000704400000, 0x0000000704400000| Untracked 
|  29|0x0000000704600000, 0x0000000704600000, 0x0000000704800000|  0%| F|  |TAMS 0x0000000704600000, 0x0000000704600000| Untracked 
|  30|0x0000000704800000, 0x0000000704800000, 0x0000000704a00000|  0%| F|  |TAMS 0x0000000704800000, 0x0000000704800000| Untracked 
|  31|0x0000000704a00000, 0x0000000704a00000, 0x0000000704c00000|  0%| F|  |TAMS 0x0000000704a00000, 0x0000000704a00000| Untracked 
|  32|0x0000000704c00000, 0x0000000704c00000, 0x0000000704e00000|  0%| F|  |TAMS 0x0000000704c00000, 0x0000000704c00000| Untracked 
|  33|0x0000000704e00000, 0x0000000704e00000, 0x0000000705000000|  0%| F|  |TAMS 0x0000000704e00000, 0x0000000704e00000| Untracked 
|  34|0x0000000705000000, 0x0000000705000000, 0x0000000705200000|  0%| F|  |TAMS 0x0000000705000000, 0x0000000705000000| Untracked 
|  35|0x0000000705200000, 0x0000000705200000, 0x0000000705400000|  0%| F|  |TAMS 0x0000000705200000, 0x0000000705200000| Untracked 
|  36|0x0000000705400000, 0x0000000705400000, 0x0000000705600000|  0%| F|  |TAMS 0x0000000705400000, 0x0000000705400000| Untracked 
|  37|0x0000000705600000, 0x0000000705600000, 0x0000000705800000|  0%| F|  |TAMS 0x0000000705600000, 0x0000000705600000| Untracked 
|  38|0x0000000705800000, 0x0000000705800000, 0x0000000705a00000|  0%| F|  |TAMS 0x0000000705800000, 0x0000000705800000| Untracked 
|  39|0x0000000705a00000, 0x0000000705a00000, 0x0000000705c00000|  0%| F|  |TAMS 0x0000000705a00000, 0x0000000705a00000| Untracked 
|  40|0x0000000705c00000, 0x0000000705c00000, 0x0000000705e00000|  0%| F|  |TAMS 0x0000000705c00000, 0x0000000705c00000| Untracked 
|  41|0x0000000705e00000, 0x0000000705e00000, 0x0000000706000000|  0%| F|  |TAMS 0x0000000705e00000, 0x0000000705e00000| Untracked 
|  42|0x0000000706000000, 0x0000000706000000, 0x0000000706200000|  0%| F|  |TAMS 0x0000000706000000, 0x0000000706000000| Untracked 
|  43|0x0000000706200000, 0x0000000706200000, 0x0000000706400000|  0%| F|  |TAMS 0x0000000706200000, 0x0000000706200000| Untracked 
|  44|0x0000000706400000, 0x0000000706400000, 0x0000000706600000|  0%| F|  |TAMS 0x0000000706400000, 0x0000000706400000| Untracked 
|  45|0x0000000706600000, 0x0000000706600000, 0x0000000706800000|  0%| F|  |TAMS 0x0000000706600000, 0x0000000706600000| Untracked 
|  46|0x0000000706800000, 0x0000000706800000, 0x0000000706a00000|  0%| F|  |TAMS 0x0000000706800000, 0x0000000706800000| Untracked 
|  47|0x0000000706a00000, 0x0000000706a00000, 0x0000000706c00000|  0%| F|  |TAMS 0x0000000706a00000, 0x0000000706a00000| Untracked 
|  48|0x0000000706c00000, 0x0000000706c00000, 0x0000000706e00000|  0%| F|  |TAMS 0x0000000706c00000, 0x0000000706c00000| Untracked 
|  49|0x0000000706e00000, 0x0000000706e00000, 0x0000000707000000|  0%| F|  |TAMS 0x0000000706e00000, 0x0000000706e00000| Untracked 
|  50|0x0000000707000000, 0x0000000707000000, 0x0000000707200000|  0%| F|  |TAMS 0x0000000707000000, 0x0000000707000000| Untracked 
|  51|0x0000000707200000, 0x0000000707200000, 0x0000000707400000|  0%| F|  |TAMS 0x0000000707200000, 0x0000000707200000| Untracked 
|  52|0x0000000707400000, 0x0000000707400000, 0x0000000707600000|  0%| F|  |TAMS 0x0000000707400000, 0x0000000707400000| Untracked 
|  53|0x0000000707600000, 0x0000000707600000, 0x0000000707800000|  0%| F|  |TAMS 0x0000000707600000, 0x0000000707600000| Untracked 
|  54|0x0000000707800000, 0x0000000707800000, 0x0000000707a00000|  0%| F|  |TAMS 0x0000000707800000, 0x0000000707800000| Untracked 
|  55|0x0000000707a00000, 0x0000000707a00000, 0x0000000707c00000|  0%| F|  |TAMS 0x0000000707a00000, 0x0000000707a00000| Untracked 
|  56|0x0000000707c00000, 0x0000000707c00000, 0x0000000707e00000|  0%| F|  |TAMS 0x0000000707c00000, 0x0000000707c00000| Untracked 
|  57|0x0000000707e00000, 0x0000000707e00000, 0x0000000708000000|  0%| F|  |TAMS 0x0000000707e00000, 0x0000000707e00000| Untracked 
|  58|0x0000000708000000, 0x0000000708000000, 0x0000000708200000|  0%| F|  |TAMS 0x0000000708000000, 0x0000000708000000| Untracked 
|  59|0x0000000708200000, 0x0000000708200000, 0x0000000708400000|  0%| F|  |TAMS 0x0000000708200000, 0x0000000708200000| Untracked 
|  60|0x0000000708400000, 0x0000000708400000, 0x0000000708600000|  0%| F|  |TAMS 0x0000000708400000, 0x0000000708400000| Untracked 
|  61|0x0000000708600000, 0x0000000708600000, 0x0000000708800000|  0%| F|  |TAMS 0x0000000708600000, 0x0000000708600000| Untracked 
|  62|0x0000000708800000, 0x0000000708800000, 0x0000000708a00000|  0%| F|  |TAMS 0x0000000708800000, 0x0000000708800000| Untracked 
|  63|0x0000000708a00000, 0x0000000708a00000, 0x0000000708c00000|  0%| F|  |TAMS 0x0000000708a00000, 0x0000000708a00000| Untracked 
|  64|0x0000000708c00000, 0x0000000708c00000, 0x0000000708e00000|  0%| F|  |TAMS 0x0000000708c00000, 0x0000000708c00000| Untracked 
|  65|0x0000000708e00000, 0x0000000708e00000, 0x0000000709000000|  0%| F|  |TAMS 0x0000000708e00000, 0x0000000708e00000| Untracked 
|  66|0x0000000709000000, 0x0000000709000000, 0x0000000709200000|  0%| F|  |TAMS 0x0000000709000000, 0x0000000709000000| Untracked 
|  67|0x0000000709200000, 0x0000000709200000, 0x0000000709400000|  0%| F|  |TAMS 0x0000000709200000, 0x0000000709200000| Untracked 
|  68|0x0000000709400000, 0x0000000709400000, 0x0000000709600000|  0%| F|  |TAMS 0x0000000709400000, 0x0000000709400000| Untracked 
|  69|0x0000000709600000, 0x0000000709600000, 0x0000000709800000|  0%| F|  |TAMS 0x0000000709600000, 0x0000000709600000| Untracked 
|  70|0x0000000709800000, 0x0000000709800000, 0x0000000709a00000|  0%| F|  |TAMS 0x0000000709800000, 0x0000000709800000| Untracked 
|  71|0x0000000709a00000, 0x0000000709a00000, 0x0000000709c00000|  0%| F|  |TAMS 0x0000000709a00000, 0x0000000709a00000| Untracked 
|  72|0x0000000709c00000, 0x0000000709c00000, 0x0000000709e00000|  0%| F|  |TAMS 0x0000000709c00000, 0x0000000709c00000| Untracked 
|  73|0x0000000709e00000, 0x0000000709e00000, 0x000000070a000000|  0%| F|  |TAMS 0x0000000709e00000, 0x0000000709e00000| Untracked 
|  74|0x000000070a000000, 0x000000070a000000, 0x000000070a200000|  0%| F|  |TAMS 0x000000070a000000, 0x000000070a000000| Untracked 
|  75|0x000000070a200000, 0x000000070a200000, 0x000000070a400000|  0%| F|  |TAMS 0x000000070a200000, 0x000000070a200000| Untracked 
|  76|0x000000070a400000, 0x000000070a400000, 0x000000070a600000|  0%| F|  |TAMS 0x000000070a400000, 0x000000070a400000| Untracked 
|  77|0x000000070a600000, 0x000000070a600000, 0x000000070a800000|  0%| F|  |TAMS 0x000000070a600000, 0x000000070a600000| Untracked 
|  78|0x000000070a800000, 0x000000070a800000, 0x000000070aa00000|  0%| F|  |TAMS 0x000000070a800000, 0x000000070a800000| Untracked 
|  79|0x000000070aa00000, 0x000000070aa00000, 0x000000070ac00000|  0%| F|  |TAMS 0x000000070aa00000, 0x000000070aa00000| Untracked 
|  80|0x000000070ac00000, 0x000000070ac00000, 0x000000070ae00000|  0%| F|  |TAMS 0x000000070ac00000, 0x000000070ac00000| Untracked 
|  81|0x000000070ae00000, 0x000000070ae00000, 0x000000070b000000|  0%| F|  |TAMS 0x000000070ae00000, 0x000000070ae00000| Untracked 
|  82|0x000000070b000000, 0x000000070b000000, 0x000000070b200000|  0%| F|  |TAMS 0x000000070b000000, 0x000000070b000000| Untracked 
|  83|0x000000070b200000, 0x000000070b200000, 0x000000070b400000|  0%| F|  |TAMS 0x000000070b200000, 0x000000070b200000| Untracked 
|  84|0x000000070b400000, 0x000000070b400000, 0x000000070b600000|  0%| F|  |TAMS 0x000000070b400000, 0x000000070b400000| Untracked 
|  85|0x000000070b600000, 0x000000070b600000, 0x000000070b800000|  0%| F|  |TAMS 0x000000070b600000, 0x000000070b600000| Untracked 
|  86|0x000000070b800000, 0x000000070b800000, 0x000000070ba00000|  0%| F|  |TAMS 0x000000070b800000, 0x000000070b800000| Untracked 
|  87|0x000000070ba00000, 0x000000070ba00000, 0x000000070bc00000|  0%| F|  |TAMS 0x000000070ba00000, 0x000000070ba00000| Untracked 
|  88|0x000000070bc00000, 0x000000070bc00000, 0x000000070be00000|  0%| F|  |TAMS 0x000000070bc00000, 0x000000070bc00000| Untracked 
|  89|0x000000070be00000, 0x000000070be00000, 0x000000070c000000|  0%| F|  |TAMS 0x000000070be00000, 0x000000070be00000| Untracked 
|  90|0x000000070c000000, 0x000000070c000000, 0x000000070c200000|  0%| F|  |TAMS 0x000000070c000000, 0x000000070c000000| Untracked 
|  91|0x000000070c200000, 0x000000070c200000, 0x000000070c400000|  0%| F|  |TAMS 0x000000070c200000, 0x000000070c200000| Untracked 
|  92|0x000000070c400000, 0x000000070c400000, 0x000000070c600000|  0%| F|  |TAMS 0x000000070c400000, 0x000000070c400000| Untracked 
|  93|0x000000070c600000, 0x000000070c600000, 0x000000070c800000|  0%| F|  |TAMS 0x000000070c600000, 0x000000070c600000| Untracked 
|  94|0x000000070c800000, 0x000000070c800000, 0x000000070ca00000|  0%| F|  |TAMS 0x000000070c800000, 0x000000070c800000| Untracked 
|  95|0x000000070ca00000, 0x000000070ca00000, 0x000000070cc00000|  0%| F|  |TAMS 0x000000070ca00000, 0x000000070ca00000| Untracked 
|  96|0x000000070cc00000, 0x000000070cc00000, 0x000000070ce00000|  0%| F|  |TAMS 0x000000070cc00000, 0x000000070cc00000| Untracked 
|  97|0x000000070ce00000, 0x000000070ce00000, 0x000000070d000000|  0%| F|  |TAMS 0x000000070ce00000, 0x000000070ce00000| Untracked 
|  98|0x000000070d000000, 0x000000070d000000, 0x000000070d200000|  0%| F|  |TAMS 0x000000070d000000, 0x000000070d000000| Untracked 
|  99|0x000000070d200000, 0x000000070d200000, 0x000000070d400000|  0%| F|  |TAMS 0x000000070d200000, 0x000000070d200000| Untracked 
| 100|0x000000070d400000, 0x000000070d400000, 0x000000070d600000|  0%| F|  |TAMS 0x000000070d400000, 0x000000070d400000| Untracked 
| 101|0x000000070d600000, 0x000000070d600000, 0x000000070d800000|  0%| F|  |TAMS 0x000000070d600000, 0x000000070d600000| Untracked 
| 102|0x000000070d800000, 0x000000070d800000, 0x000000070da00000|  0%| F|  |TAMS 0x000000070d800000, 0x000000070d800000| Untracked 
| 103|0x000000070da00000, 0x000000070da00000, 0x000000070dc00000|  0%| F|  |TAMS 0x000000070da00000, 0x000000070da00000| Untracked 
| 104|0x000000070dc00000, 0x000000070dc00000, 0x000000070de00000|  0%| F|  |TAMS 0x000000070dc00000, 0x000000070dc00000| Untracked 
| 105|0x000000070de00000, 0x000000070de00000, 0x000000070e000000|  0%| F|  |TAMS 0x000000070de00000, 0x000000070de00000| Untracked 
| 106|0x000000070e000000, 0x000000070e000000, 0x000000070e200000|  0%| F|  |TAMS 0x000000070e000000, 0x000000070e000000| Untracked 
| 107|0x000000070e200000, 0x000000070e200000, 0x000000070e400000|  0%| F|  |TAMS 0x000000070e200000, 0x000000070e200000| Untracked 
| 108|0x000000070e400000, 0x000000070e400000, 0x000000070e600000|  0%| F|  |TAMS 0x000000070e400000, 0x000000070e400000| Untracked 
| 109|0x000000070e600000, 0x000000070e600000, 0x000000070e800000|  0%| F|  |TAMS 0x000000070e600000, 0x000000070e600000| Untracked 
| 110|0x000000070e800000, 0x000000070e800000, 0x000000070ea00000|  0%| F|  |TAMS 0x000000070e800000, 0x000000070e800000| Untracked 
| 111|0x000000070ea00000, 0x000000070ea00000, 0x000000070ec00000|  0%| F|  |TAMS 0x000000070ea00000, 0x000000070ea00000| Untracked 
| 112|0x000000070ec00000, 0x000000070ec00000, 0x000000070ee00000|  0%| F|  |TAMS 0x000000070ec00000, 0x000000070ec00000| Untracked 
| 113|0x000000070ee00000, 0x000000070ee00000, 0x000000070f000000|  0%| F|  |TAMS 0x000000070ee00000, 0x000000070ee00000| Untracked 
| 114|0x000000070f000000, 0x000000070f000000, 0x000000070f200000|  0%| F|  |TAMS 0x000000070f000000, 0x000000070f000000| Untracked 
| 115|0x000000070f200000, 0x000000070f200000, 0x000000070f400000|  0%| F|  |TAMS 0x000000070f200000, 0x000000070f200000| Untracked 
| 116|0x000000070f400000, 0x000000070f400000, 0x000000070f600000|  0%| F|  |TAMS 0x000000070f400000, 0x000000070f400000| Untracked 
| 117|0x000000070f600000, 0x000000070f600000, 0x000000070f800000|  0%| F|  |TAMS 0x000000070f600000, 0x000000070f600000| Untracked 
| 118|0x000000070f800000, 0x000000070f800000, 0x000000070fa00000|  0%| F|  |TAMS 0x000000070f800000, 0x000000070f800000| Untracked 
| 119|0x000000070fa00000, 0x000000070fa00000, 0x000000070fc00000|  0%| F|  |TAMS 0x000000070fa00000, 0x000000070fa00000| Untracked 
| 120|0x000000070fc00000, 0x000000070fc00000, 0x000000070fe00000|  0%| F|  |TAMS 0x000000070fc00000, 0x000000070fc00000| Untracked 
| 121|0x000000070fe00000, 0x000000070fe00000, 0x0000000710000000|  0%| F|  |TAMS 0x000000070fe00000, 0x000000070fe00000| Untracked 
| 122|0x0000000710000000, 0x0000000710000000, 0x0000000710200000|  0%| F|  |TAMS 0x0000000710000000, 0x0000000710000000| Untracked 
| 123|0x0000000710200000, 0x0000000710200000, 0x0000000710400000|  0%| F|  |TAMS 0x0000000710200000, 0x0000000710200000| Untracked 
| 124|0x0000000710400000, 0x0000000710475018, 0x0000000710600000| 22%| E|  |TAMS 0x0000000710400000, 0x0000000710400000| Complete 
| 125|0x0000000710600000, 0x0000000710800000, 0x0000000710800000|100%| E|CS|TAMS 0x0000000710600000, 0x0000000710600000| Complete 
| 126|0x0000000710800000, 0x0000000710a00000, 0x0000000710a00000|100%| E|CS|TAMS 0x0000000710800000, 0x0000000710800000| Complete 
| 127|0x0000000710a00000, 0x0000000710c00000, 0x0000000710c00000|100%| E|CS|TAMS 0x0000000710a00000, 0x0000000710a00000| Complete 

Card table byte_map: [0x00000237a45b0000,0x00000237a4db0000] _byte_map_base: 0x00000237a0daa000

Marking Bits (Prev, Next): (CMBitMap*) 0x000002378ba27fb0, (CMBitMap*) 0x000002378ba27ff0
 Prev Bits: [0x00000237a55b0000, 0x00000237a9580000)
 Next Bits: [0x00000237a9580000, 0x00000237ad550000)

Polling page: 0x0000023789980000

Metaspace:

Usage:
  Non-class:      1.72 MB used.
      Class:    174.79 KB used.
       Both:      1.89 MB used.

Virtual space:
  Non-class space:       64.00 MB reserved,       1.81 MB (  3%) committed,  1 nodes.
      Class space:        1.00 GB reserved,     256.00 KB ( <1%) committed,  1 nodes.
             Both:        1.06 GB reserved,       2.06 MB ( <1%) committed. 

Chunk freelists:
   Non-Class:  11.28 MB
       Class:  15.66 MB
        Both:  26.94 MB

MaxMetaspaceSize: unlimited
CompressedClassSpaceSize: 1.00 GB
Initial GC threshold: 21.00 MB
Current GC threshold: 21.00 MB
CDS: on
MetaspaceReclaimPolicy: balanced
 - commit_granule_bytes: 65536.
 - commit_granule_words: 8192.
 - virtual_space_node_default_size: 8388608.
 - enlarge_chunks_in_place: 1.
 - new_chunks_are_fully_committed: 0.
 - uncommit_free_chunks: 1.
 - use_allocation_guard: 0.
 - handle_deallocations: 1.


Internal statistics:

num_allocs_failed_limit: 0.
num_arena_births: 16.
num_arena_deaths: 0.
num_vsnodes_births: 2.
num_vsnodes_deaths: 0.
num_space_committed: 33.
num_space_uncommitted: 0.
num_chunks_returned_to_freelist: 0.
num_chunks_taken_from_freelist: 58.
num_chunk_merges: 0.
num_chunk_splits: 37.
num_chunks_enlarged: 32.
num_inconsistent_stats: 0.

CodeHeap 'non-profiled nmethods': size=120000Kb used=121Kb max_used=121Kb free=119878Kb
 bounds [0x000002379c330000, 0x000002379c5a0000, 0x00000237a3860000]
CodeHeap 'profiled nmethods': size=120000Kb used=727Kb max_used=727Kb free=119272Kb
 bounds [0x0000023794860000, 0x0000023794ad0000, 0x000002379bd90000]
CodeHeap 'non-nmethods': size=5760Kb used=1110Kb max_used=1123Kb free=4650Kb
 bounds [0x000002379bd90000, 0x000002379c000000, 0x000002379c330000]
 total_blobs=808 nmethods=421 adapters=300
 compilation: enabled
              stopped_count=0, restarted_count=0
 full_count=0

Compilation events (20 events):
Event: 0.172 Thread 0x00000237b032ba90  406       3       java.util.Optional::empty (6 bytes)
Event: 0.172 Thread 0x00000237b032ba90 nmethod 406 0x00000237948f8990 code [0x00000237948f8b20, 0x00000237948f8c18]
Event: 0.172 Thread 0x00000237b032ba90  407       3       jdk.internal.loader.BuiltinClassLoader::moduleReaderFor (45 bytes)
Event: 0.173 Thread 0x00000237b032ba90 nmethod 407 0x00000237948f8c90 code [0x00000237948f8e80, 0x00000237948f9598]
Event: 0.173 Thread 0x00000237b032ba90  408       3       jdk.internal.module.SystemModuleFinders$SystemModuleReader::find (59 bytes)
Event: 0.173 Thread 0x00000237b032ba90 nmethod 408 0x00000237948f9790 code [0x00000237948f9a40, 0x00000237948fa688]
Event: 0.173 Thread 0x00000237b032ba90  409       3       java.util.Properties::loadConvert (540 bytes)
Event: 0.173 Thread 0x00000237b031f9a0  411       4       java.lang.String::hashCode (60 bytes)
Event: 0.174 Thread 0x00000237b032ba90 nmethod 409 0x00000237948fab10 code [0x00000237948fae00, 0x00000237948fc238]
Event: 0.174 Thread 0x00000237b032ba90  410       3       jdk.internal.loader.URLClassPath::getResource (74 bytes)
Event: 0.174 Thread 0x00000237b032ba90 nmethod 410 0x00000237948fc890 code [0x00000237948fca60, 0x00000237948fcdb8]
Event: 0.175 Thread 0x00000237b032ba90  414       3       java.util.concurrent.ConcurrentHashMap$ValueIterator::next (34 bytes)
Event: 0.175 Thread 0x00000237b032ba90 nmethod 414 0x00000237948fcf10 code [0x00000237948fd0c0, 0x00000237948fd338]
Event: 0.175 Thread 0x00000237b032ba90  415       3       sun.net.www.protocol.file.Handler::parseURL (18 bytes)
Event: 0.175 Thread 0x00000237b032ba90 nmethod 415 0x00000237948fd490 code [0x00000237948fd640, 0x00000237948fd7f8]
Event: 0.175 Thread 0x00000237b032ba90  416       3       java.net.URLStreamHandler::parseURL (1201 bytes)
Event: 0.176 Thread 0x00000237b031f9a0 nmethod 411 0x000002379c34de10 code [0x000002379c34df80, 0x000002379c34e178]
Event: 0.176 Thread 0x00000237b031f9a0  413       4       jdk.internal.jimage.ImageStringsReader::unmaskedHashCode (166 bytes)
Event: 0.177 Thread 0x00000237b031f9a0 nmethod 413 0x000002379c34e290 code [0x000002379c34e420, 0x000002379c34e5c8]
Event: 0.177 Thread 0x00000237b031f9a0  418       4       java.lang.StringLatin1::replace (198 bytes)

GC Heap History (0 events):
No events

Dll operation events (8 events):
Event: 0.005 Loaded shared library D:\minecraft\bin\java.dll
Event: 0.018 Loaded shared library D:\minecraft\bin\jsvml.dll
Event: 0.046 Loaded shared library D:\minecraft\bin\net.dll
Event: 0.047 Loaded shared library D:\minecraft\bin\nio.dll
Event: 0.049 Loaded shared library D:\minecraft\bin\zip.dll
Event: 0.129 Loaded shared library D:\minecraft\bin\jimage.dll
Event: 0.134 Loaded shared library C:\Program Files\NetBeans-20\netbeans\java\maven\lib\jansi-native\Windows\x86_64\jansi.dll
Event: 0.142 Loaded shared library D:\minecraft\bin\verify.dll

Deoptimization events (4 events):
Event: 0.074 Thread 0x000002378b9ba270 Uncommon trap: trap_request=0xffffff45 fr.pc=0x000002379c3341c0 relative=0x00000000000001a0
Event: 0.074 Thread 0x000002378b9ba270 Uncommon trap: reason=unstable_if action=reinterpret pc=0x000002379c3341c0 method=java.lang.String.hashCode()I @ 13 c2
Event: 0.074 Thread 0x000002378b9ba270 DEOPT PACKING pc=0x000002379c3341c0 sp=0x00000058824fd430
Event: 0.074 Thread 0x000002378b9ba270 DEOPT UNPACKING pc=0x000002379bde69a3 sp=0x00000058824fd3c8 mode 2

Classes unloaded (0 events):
No events

Classes redefined (0 events):
No events

Internal exceptions (18 events):
Event: 0.073 Thread 0x000002378b9ba270 Exception <a 'java/lang/NoSuchMethodError'{0x000000071080a520}: 'int java.lang.invoke.DirectMethodHandle$Holder.invokeSpecial(java.lang.Object, java.lang.Object, java.lang.Object)'> (0x000000071080a520) 
thrown [s\src\hotspot\share\interpreter\linkResolver.cpp, line 759]
Event: 0.126 Thread 0x000002378b9ba270 Exception <a 'java/lang/NullPointerException'{0x0000000710667678}> (0x0000000710667678) 
thrown [s\src\hotspot\share\interpreter\linkResolver.cpp, line 1350]
Event: 0.135 Thread 0x000002378b9ba270 Exception <a 'java/lang/NullPointerException'{0x00000007106958d0}> (0x00000007106958d0) 
thrown [s\src\hotspot\share\interpreter\linkResolver.cpp, line 1350]
Event: 0.135 Thread 0x000002378b9ba270 Exception <a 'java/lang/NullPointerException'{0x0000000710695ba8}> (0x0000000710695ba8) 
thrown [s\src\hotspot\share\interpreter\linkResolver.cpp, line 1350]
Event: 0.135 Thread 0x000002378b9ba270 Exception <a 'java/lang/NullPointerException'{0x0000000710695e80}> (0x0000000710695e80) 
thrown [s\src\hotspot\share\interpreter\linkResolver.cpp, line 1350]
Event: 0.136 Thread 0x000002378b9ba270 Exception <a 'java/lang/NullPointerException'{0x000000071069b800}> (0x000000071069b800) 
thrown [s\src\hotspot\share\interpreter\linkResolver.cpp, line 1350]
Event: 0.137 Thread 0x000002378b9ba270 Exception <a 'java/lang/NullPointerException'{0x00000007106b11a8}> (0x00000007106b11a8) 
thrown [s\src\hotspot\share\interpreter\linkResolver.cpp, line 1350]
Event: 0.137 Thread 0x000002378b9ba270 Exception <a 'java/lang/NullPointerException'{0x00000007106b1480}> (0x00000007106b1480) 
thrown [s\src\hotspot\share\interpreter\linkResolver.cpp, line 1350]
Event: 0.137 Thread 0x000002378b9ba270 Exception <a 'java/lang/NullPointerException'{0x00000007106b1758}> (0x00000007106b1758) 
thrown [s\src\hotspot\share\interpreter\linkResolver.cpp, line 1350]
Event: 0.137 Thread 0x000002378b9ba270 Exception <a 'java/lang/NullPointerException'{0x00000007106b1a30}> (0x00000007106b1a30) 
thrown [s\src\hotspot\share\interpreter\linkResolver.cpp, line 1350]
Event: 0.141 Thread 0x000002378b9ba270 Exception <a 'sun/nio/fs/WindowsException'{0x00000007106de468}> (0x00000007106de468) 
thrown [s\src\hotspot\share\prims\jni.cpp, line 516]
Event: 0.141 Thread 0x000002378b9ba270 Exception <a 'sun/nio/fs/WindowsException'{0x00000007106deda8}> (0x00000007106deda8) 
thrown [s\src\hotspot\share\prims\jni.cpp, line 516]
Event: 0.141 Thread 0x000002378b9ba270 Exception <a 'sun/nio/fs/WindowsException'{0x00000007106df330}> (0x00000007106df330) 
thrown [s\src\hotspot\share\prims\jni.cpp, line 516]
Event: 0.141 Thread 0x000002378b9ba270 Exception <a 'sun/nio/fs/WindowsException'{0x00000007106df890}> (0x00000007106df890) 
thrown [s\src\hotspot\share\prims\jni.cpp, line 516]
Event: 0.141 Thread 0x000002378b9ba270 Exception <a 'sun/nio/fs/WindowsException'{0x00000007106dfda0}> (0x00000007106dfda0) 
thrown [s\src\hotspot\share\prims\jni.cpp, line 516]
Event: 0.141 Thread 0x000002378b9ba270 Exception <a 'sun/nio/fs/WindowsException'{0x00000007106e0268}> (0x00000007106e0268) 
thrown [s\src\hotspot\share\prims\jni.cpp, line 516]
Event: 0.154 Thread 0x000002378b9ba270 Exception <a 'java/lang/NoSuchMethodError'{0x000000071075e218}: 'void java.lang.invoke.DirectMethodHandle$Holder.invokeStatic(java.lang.Object, java.lang.Object, java.lang.Object)'> (0x000000071075e218) 
thrown [s\src\hotspot\share\interpreter\linkResolver.cpp, line 759]
Event: 0.161 Thread 0x000002378b9ba270 Exception <a 'java/lang/NoSuchMethodError'{0x00000007107ba3c0}: 'int java.lang.invoke.DirectMethodHandle$Holder.invokeStatic(java.lang.Object, java.lang.Object, int)'> (0x00000007107ba3c0) 
thrown [s\src\hotspot\share\interpreter\linkResolver.cpp, line 759]

VM Operations (6 events):
Event: 0.050 Executing VM operation: HandshakeAllThreads
Event: 0.050 Executing VM operation: HandshakeAllThreads done
Event: 0.125 Executing VM operation: HandshakeAllThreads
Event: 0.125 Executing VM operation: HandshakeAllThreads done
Event: 0.131 Executing VM operation: HandshakeAllThreads
Event: 0.131 Executing VM operation: HandshakeAllThreads done

Events (20 events):
Event: 0.166 loading class java/net/URLClassLoader$3$1
Event: 0.166 loading class java/net/URLClassLoader$3$1 done
Event: 0.169 loading class java/util/LinkedHashMap$LinkedKeySet
Event: 0.169 loading class java/util/LinkedHashMap$LinkedKeySet done
Event: 0.169 loading class java/util/LinkedHashMap$LinkedKeyIterator
Event: 0.169 loading class java/util/LinkedHashMap$LinkedKeyIterator done
Event: 0.173 loading class jdk/internal/loader/URLClassPath$FileLoader$1
Event: 0.173 loading class jdk/internal/loader/URLClassPath$FileLoader$1 done
Event: 0.173 loading class sun/net/ProgressMonitor
Event: 0.173 loading class sun/net/ProgressMonitor done
Event: 0.173 loading class sun/net/DefaultProgressMeteringPolicy
Event: 0.173 loading class sun/net/ProgressMeteringPolicy
Event: 0.173 loading class sun/net/ProgressMeteringPolicy done
Event: 0.173 loading class sun/net/DefaultProgressMeteringPolicy done
Event: 0.174 loading class java/lang/InstantiationException
Event: 0.174 loading class java/lang/InstantiationException done
Event: 0.181 loading class java/lang/StringIndexOutOfBoundsException
Event: 0.181 loading class java/lang/IndexOutOfBoundsException
Event: 0.181 loading class java/lang/IndexOutOfBoundsException done
Event: 0.181 loading class java/lang/StringIndexOutOfBoundsException done


Dynamic libraries:
0x00007ff660b00000 - 0x00007ff660b0e000 	D:\minecraft\bin\java.exe
0x00007ffda9910000 - 0x00007ffda9b08000 	C:\WINDOWS\SYSTEM32\ntdll.dll
0x00007ffda9380000 - 0x00007ffda943d000 	C:\WINDOWS\System32\KERNEL32.DLL
0x00007ffda75e0000 - 0x00007ffda78d6000 	C:\WINDOWS\System32\KERNELBASE.dll
0x00007ffda73a0000 - 0x00007ffda74a0000 	C:\WINDOWS\System32\ucrtbase.dll
0x00007ffd89be0000 - 0x00007ffd89bf7000 	D:\minecraft\bin\jli.dll
0x00007ffd8be40000 - 0x00007ffd8be5b000 	D:\minecraft\bin\VCRUNTIME140.dll
0x00007ffda7a50000 - 0x00007ffda7bee000 	C:\WINDOWS\System32\USER32.dll
0x00007ffda75b0000 - 0x00007ffda75d2000 	C:\WINDOWS\System32\win32u.dll
0x00007ffd9a660000 - 0x00007ffd9a8fa000 	C:\WINDOWS\WinSxS\amd64_microsoft.windows.common-controls_6595b64144ccf1df_6.0.19041.3636_none_60b6a03d71f818d5\COMCTL32.dll
0x00007ffda84a0000 - 0x00007ffda84cc000 	C:\WINDOWS\System32\GDI32.dll
0x00007ffda9520000 - 0x00007ffda95be000 	C:\WINDOWS\System32\msvcrt.dll
0x00007ffda7230000 - 0x00007ffda734a000 	C:\WINDOWS\System32\gdi32full.dll
0x00007ffda74a0000 - 0x00007ffda753d000 	C:\WINDOWS\System32\msvcp_win.dll
0x00007ffda7970000 - 0x00007ffda79a0000 	C:\WINDOWS\System32\IMM32.DLL
0x00007ffd96b00000 - 0x00007ffd96b0c000 	D:\minecraft\bin\vcruntime140_1.dll
0x00007ffd7c0f0000 - 0x00007ffd7c17e000 	D:\minecraft\bin\msvcp140.dll
0x00007ffd635d0000 - 0x00007ffd64233000 	D:\minecraft\bin\server\jvm.dll
0x00007ffda79a0000 - 0x00007ffda7a4f000 	C:\WINDOWS\System32\ADVAPI32.dll
0x00007ffda95c0000 - 0x00007ffda965c000 	C:\WINDOWS\System32\sechost.dll
0x00007ffda8e40000 - 0x00007ffda8f66000 	C:\WINDOWS\System32\RPCRT4.dll
0x00007ffda6550000 - 0x00007ffda659b000 	C:\WINDOWS\SYSTEM32\POWRPROF.dll
0x00007ffda47e0000 - 0x00007ffda47e9000 	C:\WINDOWS\SYSTEM32\WSOCK32.dll
0x00007ffd9f4f0000 - 0x00007ffd9f4fa000 	C:\WINDOWS\SYSTEM32\VERSION.dll
0x00007ffd9ba80000 - 0x00007ffd9baa7000 	C:\WINDOWS\SYSTEM32\WINMM.dll
0x00007ffda8f70000 - 0x00007ffda8fdb000 	C:\WINDOWS\System32\WS2_32.dll
0x00007ffda6410000 - 0x00007ffda6422000 	C:\WINDOWS\SYSTEM32\UMPDC.dll
0x00007ffda4df0000 - 0x00007ffda4e02000 	C:\WINDOWS\SYSTEM32\kernel.appcore.dll
0x00007ffd95bb0000 - 0x00007ffd95bba000 	D:\minecraft\bin\jimage.dll
0x00007ffd9b0f0000 - 0x00007ffd9b2d4000 	C:\WINDOWS\SYSTEM32\DBGHELP.DLL
0x00007ffd97330000 - 0x00007ffd97364000 	C:\WINDOWS\SYSTEM32\dbgcore.DLL
0x00007ffda78e0000 - 0x00007ffda7962000 	C:\WINDOWS\System32\bcryptPrimitives.dll
0x00007ffd89b50000 - 0x00007ffd89b75000 	D:\minecraft\bin\java.dll
0x00007ffd7c270000 - 0x00007ffd7c347000 	D:\minecraft\bin\jsvml.dll
0x00007ffda84d0000 - 0x00007ffda8c15000 	C:\WINDOWS\System32\SHELL32.dll
0x00007ffda50d0000 - 0x00007ffda586b000 	C:\WINDOWS\SYSTEM32\windows.storage.dll
0x00007ffda8080000 - 0x00007ffda83d4000 	C:\WINDOWS\System32\combase.dll
0x00007ffda6a30000 - 0x00007ffda6a5d000 	C:\WINDOWS\SYSTEM32\Wldp.dll
0x00007ffda92d0000 - 0x00007ffda937d000 	C:\WINDOWS\System32\SHCORE.dll
0x00007ffda8c30000 - 0x00007ffda8c85000 	C:\WINDOWS\System32\shlwapi.dll
0x00007ffda6f20000 - 0x00007ffda6f45000 	C:\WINDOWS\SYSTEM32\profapi.dll
0x00007ffd8ba80000 - 0x00007ffd8ba99000 	D:\minecraft\bin\net.dll
0x00007ffda04d0000 - 0x00007ffda05da000 	C:\WINDOWS\SYSTEM32\WINHTTP.dll
0x00007ffda6790000 - 0x00007ffda67fa000 	C:\WINDOWS\system32\mswsock.dll
0x00007ffd8aa10000 - 0x00007ffd8aa26000 	D:\minecraft\bin\nio.dll
0x00007ffd89cd0000 - 0x00007ffd89ce8000 	D:\minecraft\bin\zip.dll
0x0000000069ac0000 - 0x0000000069ae4000 	C:\Program Files\NetBeans-20\netbeans\java\maven\lib\jansi-native\Windows\x86_64\jansi.dll
0x00007ffd955d0000 - 0x00007ffd955e0000 	D:\minecraft\bin\verify.dll

dbghelp: loaded successfully - version: 4.0.5 - missing functions: none
symbol engine: initialized successfully - sym options: 0x614 - pdb path: .;D:\minecraft\bin;C:\WINDOWS\SYSTEM32;C:\WINDOWS\WinSxS\amd64_microsoft.windows.common-controls_6595b64144ccf1df_6.0.19041.3636_none_60b6a03d71f818d5;D:\minecraft\bin\server;C:\Program Files\NetBeans-20\netbeans\java\maven\lib\jansi-native\Windows\x86_64

VM Arguments:
jvm_args: -Dclassworlds.conf=C:\Program Files\NetBeans-20\netbeans\java\maven\bin\m2.conf -Dmaven.home=C:\Program Files\NetBeans-20\netbeans\java\maven -Dlibrary.jansi.path=C:\Program Files\NetBeans-20\netbeans\java\maven\lib\jansi-native -Dmaven.multiModuleProjectDirectory=C:\Users\Danie\Documents\NetBeansProjects\CRUDmongo 
java_command: org.codehaus.plexus.classworlds.launcher.Launcher -Dexec.vmArgs= -Dexec.args=${exec.vmArgs} -classpath %classpath ${exec.mainClass} ${exec.appArgs} -Dexec.appArgs= -Dexec.mainClass=com.mycompany.crudmongo.CRUDmongo -Dexec.executable=D:\minecraft\bin\java.exe -Dmaven.ext.class.path=C:\Program Files\NetBeans-20\netbeans\java\maven-nblib\netbeans-eventspy.jar -Dfile.encoding=UTF-8 --no-transfer-progress process-classes org.codehaus.mojo:exec-maven-plugin:3.1.0:exec
java_class_path (initial): C:\Program Files\NetBeans-20\netbeans\java\maven\boot\plexus-classworlds-2.7.0.jar
Launcher Type: SUN_STANDARD

[Global flags]
     intx CICompilerCount                          = 4                                         {product} {ergonomic}
     uint ConcGCThreads                            = 3                                         {product} {ergonomic}
     uint G1ConcRefinementThreads                  = 10                                        {product} {ergonomic}
   size_t G1HeapRegionSize                         = 2097152                                   {product} {ergonomic}
    uintx GCDrainStackTargetSize                   = 64                                        {product} {ergonomic}
   size_t InitialHeapSize                          = 268435456                                 {product} {ergonomic}
   size_t MarkStackSize                            = 4194304                                   {product} {ergonomic}
   size_t MaxHeapSize                              = 4282384384                                {product} {ergonomic}
   size_t MaxNewSize                               = 2569011200                                {product} {ergonomic}
   size_t MinHeapDeltaBytes                        = 2097152                                   {product} {ergonomic}
   size_t MinHeapSize                              = 8388608                                   {product} {ergonomic}
    uintx NonNMethodCodeHeapSize                   = 5839372                                {pd product} {ergonomic}
    uintx NonProfiledCodeHeapSize                  = 122909434                              {pd product} {ergonomic}
    uintx ProfiledCodeHeapSize                     = 122909434                              {pd product} {ergonomic}
    uintx ReservedCodeCacheSize                    = 251658240                              {pd product} {ergonomic}
     bool SegmentedCodeCache                       = true                                      {product} {ergonomic}
   size_t SoftMaxHeapSize                          = 4282384384                             {manageable} {ergonomic}
     bool UseCompressedClassPointers               = true                           {product lp64_product} {ergonomic}
     bool UseCompressedOops                        = true                           {product lp64_product} {ergonomic}
     bool UseG1GC                                  = true                                      {product} {ergonomic}
     bool UseLargePagesIndividualAllocation        = false                                  {pd product} {ergonomic}

Logging:
Log output configuration:
 #0: stdout all=warning uptime,level,tags
 #1: stderr all=off uptime,level,tags

Environment Variables:
JAVA_HOME=D:\minecraft
PATH=D:\minecraft\bin\;C:\Program Files\Common Files\Oracle\Java\javapath;C:\WINDOWS\system32;C:\WINDOWS;C:\WINDOWS\System32\Wbem;C:\WINDOWS\System32\WindowsPowerShell\v1.0\;C:\WINDOWS\System32\OpenSSH\;D:\git\Git\cmd;D:\node\;C:\Program Files\dotnet\;C:\Program Files (x86)\NVIDIA Corporation\PhysX\Common;C:\Program Files (x86)\Microsoft SQL Server\160\Tools\Binn\;C:\Program Files\Microsoft SQL Server\160\Tools\Binn\;C:\Program Files\Microsoft SQL Server\Client SDK\ODBC\170\Tools\Binn\;C:\Program Files\Microsoft SQL Server\160\DTS\Binn\;C:\Program Files (x86)\Microsoft SQL Server\160\DTS\Binn\;C:\Program Files\Azure Data Studio\bin;C:\Users\Danie\.console-ninja\.bin;C:\Users\Danie\AppData\Local\Microsoft\WindowsApps;D:\Visual\Microsoft VS Code\bin;C:\Users\Danie\AppData\Roaming\npm;C:\SqlLite3;C:\Program Files\Azure Data Studio\bin
USERNAME=Danie
OS=Windows_NT
PROCESSOR_IDENTIFIER=AMD64 Family 23 Model 113 Stepping 0, AuthenticAMD
TMP=C:\Users\Danie\AppData\Local\Temp
TEMP=C:\Users\Danie\AppData\Local\Temp



Periodic native trim disabled


---------------  S Y S T E M  ---------------

OS:
 Windows 10 , 64 bit Build 19041 (10.0.19041.3636)
OS uptime: 3 days 3:22 hours

CPU: total 12 (initial active 12) (12 cores per cpu, 2 threads per core) family 23 model 113 stepping 0 microcode 0x0, cx8, cmov, fxsr, ht, mmx, 3dnowpref, sse, sse2, sse3, ssse3, sse4a, sse4.1, sse4.2, popcnt, lzcnt, tsc, tscinvbit, avx, avx2, aes, clmul, bmi1, bmi2, adx, sha, fma, vzeroupper, clflush, clflushopt
Processor Information for all 12 processors :
  Max Mhz: 3600, Current Mhz: 3600, Mhz Limit: 3600

Memory: 4k page, system-wide physical 16334M (1748M free)
TotalPageFile size 31526M (AvailPageFile size 12M)
current process WorkingSet (physical memory assigned to process): 50M, peak: 50M
current process commit charge ("private bytes"): 357M, peak: 357M

vm_info: OpenJDK 64-Bit Server VM (17.0.9+11-LTS) for windows-amd64 JRE (17.0.9+11-LTS), built on Oct 17 2023 20:09:12 by "" with MS VC++ 17.1 (VS2022)

END.
